Behruz
Mansurov
c78887968fdd2ac9be50a8c5454eee6f
[1.3.2020 | 14:6:12] {"type":"cmd","data":"run"}
,[1.3.2020 | 14:6:12] {"client-id":"e444eaaa-848f-42a7-9d24-9a107c27f7b0","gpioa":0,"gpiob":0,"gpioc":32768,"gpiod":16384,"gpioe":0,"modeltime":0,"type":"gpio"}
,[1.3.2020 | 14:6:12] {"client-id":"e444eaaa-848f-42a7-9d24-9a107c27f7b0","gpioa":0,"gpiob":0,"gpioc":32768,"gpiod":16384,"gpioe":0,"modeltime":0,"type":"gpio"}
,[1.3.2020 | 14:6:12] {"client-id":"e444eaaa-848f-42a7-9d24-9a107c27f7b0","gpioa":0,"gpiob":0,"gpioc":32768,"gpiod":16384,"gpioe":0,"modeltime":0,"type":"gpio"}
,[1.3.2020 | 14:6:12] {"client-id":"e444eaaa-848f-42a7-9d24-9a107c27f7b0","gpioa":0,"gpiob":0,"gpioc":32768,"gpiod":16384,"gpioe":0,"modeltime":0,"type":"gpio"}
,[1.3.2020 | 14:6:12] {"client-id":"e444eaaa-848f-42a7-9d24-9a107c27f7b0","gpioa":0,"gpiob":0,"gpioc":32768,"gpiod":16384,"gpioe":0,"modeltime":0,"type":"gpio"}
,[1.3.2020 | 14:6:12] {"client-id":"e444eaaa-848f-42a7-9d24-9a107c27f7b0","gpioa":0,"gpiob":0,"gpioc":32768,"gpiod":16384,"gpioe":0,"modeltime":0,"type":"gpio"}
,[1.3.2020 | 14:6:12] {"client-id":"e444eaaa-848f-42a7-9d24-9a107c27f7b0","gpioa":0,"gpiob":0,"gpioc":32768,"gpiod":16384,"gpioe":0,"modeltime":0,"type":"gpio"}
,[1.3.2020 | 14:6:13] {"client-id":"e444eaaa-848f-42a7-9d24-9a107c27f7b0","gpioa":0,"gpiob":0,"gpioc":32768,"gpiod":16384,"gpioe":0,"modeltime":0,"type":"gpio"}
,[1.3.2020 | 14:6:13] {"client-id":"e444eaaa-848f-42a7-9d24-9a107c27f7b0","gpioa":0,"gpiob":0,"gpioc":32768,"gpiod":16384,"gpioe":0,"modeltime":0,"type":"gpio"}
,[1.3.2020 | 14:6:13] {"client-id":"e444eaaa-848f-42a7-9d24-9a107c27f7b0","gpioa":0,"gpiob":0,"gpioc":32768,"gpiod":16384,"gpioe":0,"modeltime":0,"type":"gpio"}
,[1.3.2020 | 14:6:13] {"client-id":"e444eaaa-848f-42a7-9d24-9a107c27f7b0","gpioa":0,"gpiob":0,"gpioc":32768,"gpiod":16384,"gpioe":0,"modeltime":0,"type":"gpio"}
,[1.3.2020 | 14:6:13] {"client-id":"e444eaaa-848f-42a7-9d24-9a107c27f7b0","gpioa":0,"gpiob":0,"gpioc":32768,"gpiod":16384,"gpioe":0,"modeltime":0,"type":"gpio"}
,[1.3.2020 | 14:6:13] {"client-id":"e444eaaa-848f-42a7-9d24-9a107c27f7b0","gpioa":0,"gpiob":0,"gpioc":32768,"gpiod":16384,"gpioe":0,"modeltime":0,"type":"gpio"}
,[1.3.2020 | 14:6:13] {"client-id":"e444eaaa-848f-42a7-9d24-9a107c27f7b0","gpioa":0,"gpiob":0,"gpioc":32768,"gpiod":16384,"gpioe":0,"modeltime":0,"type":"gpio"}
,[1.3.2020 | 14:6:13] {"client-id":"e444eaaa-848f-42a7-9d24-9a107c27f7b0","gpioa":0,"gpiob":0,"gpioc":32768,"gpiod":16384,"gpioe":0,"modeltime":0,"type":"gpio"}
,[1.3.2020 | 14:6:13] {"client-id":"e444eaaa-848f-42a7-9d24-9a107c27f7b0","gpioa":0,"gpiob":0,"gpioc":32768,"gpiod":16384,"gpioe":0,"modeltime":0,"type":"gpio"}
,[1.3.2020 | 14:6:13] {"client-id":"e444eaaa-848f-42a7-9d24-9a107c27f7b0","gpioa":0,"gpiob":0,"gpioc":32768,"gpiod":16384,"gpioe":0,"modeltime":0,"type":"gpio"}
,[1.3.2020 | 14:6:14] {"client-id":"e444eaaa-848f-42a7-9d24-9a107c27f7b0","gpioa":0,"gpiob":0,"gpioc":32768,"gpiod":16416,"gpioe":1024,"modeltime":0,"type":"gpio"}
,[1.3.2020 | 14:6:14] {"client-id":"e444eaaa-848f-42a7-9d24-9a107c27f7b0","gpioa":0,"gpiob":0,"gpioc":32768,"gpiod":16416,"gpioe":1024,"modeltime":0,"type":"gpio"}
,[1.3.2020 | 14:6:14] {"client-id":"e444eaaa-848f-42a7-9d24-9a107c27f7b0","gpioa":0,"gpiob":0,"gpioc":32768,"gpiod":16416,"gpioe":1024,"modeltime":0,"type":"gpio"}
,[1.3.2020 | 14:6:14] {"client-id":"e444eaaa-848f-42a7-9d24-9a107c27f7b0","gpioa":0,"gpiob":0,"gpioc":32768,"gpiod":16416,"gpioe":1024,"modeltime":0,"type":"gpio"}
,[1.3.2020 | 14:6:14] {"client-id":"e444eaaa-848f-42a7-9d24-9a107c27f7b0","gpioa":0,"gpiob":0,"gpioc":32768,"gpiod":16416,"gpioe":1024,"modeltime":0,"type":"gpio"}
,[1.3.2020 | 14:6:14] {"client-id":"e444eaaa-848f-42a7-9d24-9a107c27f7b0","gpioa":0,"gpiob":0,"gpioc":32768,"gpiod":16416,"gpioe":1024,"modeltime":0,"type":"gpio"}
,[1.3.2020 | 14:6:14] {"client-id":"e444eaaa-848f-42a7-9d24-9a107c27f7b0","gpioa":0,"gpiob":0,"gpioc":32768,"gpiod":16416,"gpioe":1024,"modeltime":0,"type":"gpio"}
,[1.3.2020 | 14:6:14] {"client-id":"e444eaaa-848f-42a7-9d24-9a107c27f7b0","gpioa":0,"gpiob":0,"gpioc":32768,"gpiod":16416,"gpioe":1024,"modeltime":0,"type":"gpio"}
,[1.3.2020 | 14:6:14] {"client-id":"e444eaaa-848f-42a7-9d24-9a107c27f7b0","gpioa":0,"gpiob":0,"gpioc":32768,"gpiod":16416,"gpioe":1024,"modeltime":0,"type":"gpio"}
,[1.3.2020 | 14:6:14] {"client-id":"e444eaaa-848f-42a7-9d24-9a107c27f7b0","gpioa":0,"gpiob":0,"gpioc":32768,"gpiod":16416,"gpioe":1024,"modeltime":0,"type":"gpio"}
,[1.3.2020 | 14:6:15] {"client-id":"e444eaaa-848f-42a7-9d24-9a107c27f7b0","gpioa":0,"gpiob":0,"gpioc":32768,"gpiod":16416,"gpioe":1024,"modeltime":0,"type":"gpio"}
,[1.3.2020 | 14:6:15] {"client-id":"e444eaaa-848f-42a7-9d24-9a107c27f7b0","gpioa":0,"gpiob":0,"gpioc":32768,"gpiod":16416,"gpioe":1024,"modeltime":0,"type":"gpio"}
,[1.3.2020 | 14:6:15] {"client-id":"e444eaaa-848f-42a7-9d24-9a107c27f7b0","gpioa":0,"gpiob":0,"gpioc":32768,"gpiod":16416,"gpioe":1024,"modeltime":0,"type":"gpio"}
,[1.3.2020 | 14:6:15] {"client-id":"e444eaaa-848f-42a7-9d24-9a107c27f7b0","gpioa":0,"gpiob":0,"gpioc":32768,"gpiod":16416,"gpioe":1024,"modeltime":0,"type":"gpio"}
,[1.3.2020 | 14:6:15] {"client-id":"e444eaaa-848f-42a7-9d24-9a107c27f7b0","gpioa":0,"gpiob":0,"gpioc":32768,"gpiod":16416,"gpioe":1024,"modeltime":0,"type":"gpio"}
,[1.3.2020 | 14:6:15] {"client-id":"e444eaaa-848f-42a7-9d24-9a107c27f7b0","gpioa":0,"gpiob":0,"gpioc":32768,"gpiod":16480,"gpioe":5120,"modeltime":0,"type":"gpio"}
,[1.3.2020 | 14:6:15] {"client-id":"e444eaaa-848f-42a7-9d24-9a107c27f7b0","gpioa":0,"gpiob":0,"gpioc":32768,"gpiod":16480,"gpioe":5120,"modeltime":0,"type":"gpio"}
,[1.3.2020 | 14:6:15] {"client-id":"e444eaaa-848f-42a7-9d24-9a107c27f7b0","gpioa":0,"gpiob":0,"gpioc":32768,"gpiod":16480,"gpioe":5120,"modeltime":0,"type":"gpio"}
,[1.3.2020 | 14:6:15] {"client-id":"e444eaaa-848f-42a7-9d24-9a107c27f7b0","gpioa":0,"gpiob":0,"gpioc":32768,"gpiod":16480,"gpioe":5120,"modeltime":0,"type":"gpio"}
,[1.3.2020 | 14:6:15] {"client-id":"e444eaaa-848f-42a7-9d24-9a107c27f7b0","gpioa":0,"gpiob":0,"gpioc":32768,"gpiod":16480,"gpioe":5120,"modeltime":0,"type":"gpio"}
,[1.3.2020 | 14:6:16] {"client-id":"e444eaaa-848f-42a7-9d24-9a107c27f7b0","gpioa":0,"gpiob":0,"gpioc":32768,"gpiod":16480,"gpioe":5120,"modeltime":0,"type":"gpio"}
,[1.3.2020 | 14:6:16] {"client-id":"e444eaaa-848f-42a7-9d24-9a107c27f7b0","gpioa":0,"gpiob":0,"gpioc":32768,"gpiod":16480,"gpioe":5120,"modeltime":0,"type":"gpio"}
,[1.3.2020 | 14:6:16] {"client-id":"e444eaaa-848f-42a7-9d24-9a107c27f7b0","gpioa":0,"gpiob":0,"gpioc":32768,"gpiod":16496,"gpioe":5376,"modeltime":0,"type":"gpio"}
,[1.3.2020 | 14:6:16] {"client-id":"e444eaaa-848f-42a7-9d24-9a107c27f7b0","gpioa":0,"gpiob":0,"gpioc":32768,"gpiod":16496,"gpioe":5376,"modeltime":0,"type":"gpio"}
,[1.3.2020 | 14:6:16] {"client-id":"e444eaaa-848f-42a7-9d24-9a107c27f7b0","gpioa":0,"gpiob":0,"gpioc":32768,"gpiod":16496,"gpioe":5376,"modeltime":0,"type":"gpio"}
,[1.3.2020 | 14:6:16] {"client-id":"e444eaaa-848f-42a7-9d24-9a107c27f7b0","gpioa":0,"gpiob":0,"gpioc":32768,"gpiod":16496,"gpioe":5376,"modeltime":0,"type":"gpio"}
,[1.3.2020 | 14:6:16] {"client-id":"e444eaaa-848f-42a7-9d24-9a107c27f7b0","gpioa":0,"gpiob":0,"gpioc":32768,"gpiod":16496,"gpioe":5376,"modeltime":0,"type":"gpio"}
,[1.3.2020 | 14:6:16] {"client-id":"e444eaaa-848f-42a7-9d24-9a107c27f7b0","gpioa":0,"gpiob":0,"gpioc":32768,"gpiod":16496,"gpioe":5376,"modeltime":0,"type":"gpio"}
,[1.3.2020 | 14:6:16] {"client-id":"e444eaaa-848f-42a7-9d24-9a107c27f7b0","gpioa":0,"gpiob":0,"gpioc":32768,"gpiod":16496,"gpioe":5376,"modeltime":0,"type":"gpio"}
,[1.3.2020 | 14:6:16] {"client-id":"e444eaaa-848f-42a7-9d24-9a107c27f7b0","gpioa":0,"gpiob":0,"gpioc":32768,"gpiod":16496,"gpioe":5376,"modeltime":0,"type":"gpio"}
,[1.3.2020 | 14:6:17] {"client-id":"e444eaaa-848f-42a7-9d24-9a107c27f7b0","gpioa":0,"gpiob":0,"gpioc":32768,"gpiod":16504,"gpioe":5392,"modeltime":0,"type":"gpio"}
,[1.3.2020 | 14:6:17] {"client-id":"e444eaaa-848f-42a7-9d24-9a107c27f7b0","gpioa":0,"gpiob":0,"gpioc":32768,"gpiod":16504,"gpioe":5392,"modeltime":0,"type":"gpio"}
,[1.3.2020 | 14:6:17] {"client-id":"e444eaaa-848f-42a7-9d24-9a107c27f7b0","gpioa":0,"gpiob":0,"gpioc":32768,"gpiod":16504,"gpioe":5392,"modeltime":0,"type":"gpio"}
,[1.3.2020 | 14:6:17] {"client-id":"e444eaaa-848f-42a7-9d24-9a107c27f7b0","gpioa":0,"gpiob":0,"gpioc":32768,"gpiod":16504,"gpioe":5392,"modeltime":0,"type":"gpio"}
,[1.3.2020 | 14:6:17] {"client-id":"e444eaaa-848f-42a7-9d24-9a107c27f7b0","gpioa":0,"gpiob":0,"gpioc":32768,"gpiod":16504,"gpioe":5392,"modeltime":0,"type":"gpio"}
,[1.3.2020 | 14:6:17] {"client-id":"e444eaaa-848f-42a7-9d24-9a107c27f7b0","gpioa":0,"gpiob":0,"gpioc":32768,"gpiod":16504,"gpioe":5392,"modeltime":0,"type":"gpio"}
,[1.3.2020 | 14:6:17] {"client-id":"e444eaaa-848f-42a7-9d24-9a107c27f7b0","gpioa":0,"gpiob":0,"gpioc":32768,"gpiod":16504,"gpioe":5392,"modeltime":0,"type":"gpio"}
,[1.3.2020 | 14:6:17] {"client-id":"e444eaaa-848f-42a7-9d24-9a107c27f7b0","gpioa":0,"gpiob":0,"gpioc":32768,"gpiod":16496,"gpioe":5376,"modeltime":0,"type":"gpio"}
,[1.3.2020 | 14:6:17] {"client-id":"e444eaaa-848f-42a7-9d24-9a107c27f7b0","gpioa":0,"gpiob":0,"gpioc":32768,"gpiod":16496,"gpioe":5376,"modeltime":0,"type":"gpio"}
,[1.3.2020 | 14:6:17] {"client-id":"e444eaaa-848f-42a7-9d24-9a107c27f7b0","gpioa":0,"gpiob":0,"gpioc":32768,"gpiod":16496,"gpioe":5376,"modeltime":0,"type":"gpio"}
,[1.3.2020 | 14:6:18] {"client-id":"e444eaaa-848f-42a7-9d24-9a107c27f7b0","gpioa":0,"gpiob":0,"gpioc":32768,"gpiod":16496,"gpioe":5376,"modeltime":0,"type":"gpio"}
,[1.3.2020 | 14:6:18] {"client-id":"e444eaaa-848f-42a7-9d24-9a107c27f7b0","gpioa":0,"gpiob":0,"gpioc":32768,"gpiod":16496,"gpioe":5376,"modeltime":0,"type":"gpio"}
,[1.3.2020 | 14:6:18] {"client-id":"e444eaaa-848f-42a7-9d24-9a107c27f7b0","gpioa":0,"gpiob":0,"gpioc":32768,"gpiod":16496,"gpioe":5376,"modeltime":0,"type":"gpio"}
,[1.3.2020 | 14:6:18] {"client-id":"e444eaaa-848f-42a7-9d24-9a107c27f7b0","gpioa":0,"gpiob":0,"gpioc":32768,"gpiod":16496,"gpioe":5376,"modeltime":0,"type":"gpio"}
,[1.3.2020 | 14:6:18] {"client-id":"e444eaaa-848f-42a7-9d24-9a107c27f7b0","gpioa":0,"gpiob":0,"gpioc":32768,"gpiod":16496,"gpioe":5376,"modeltime":0,"type":"gpio"}
,[1.3.2020 | 14:6:18] {"client-id":"e444eaaa-848f-42a7-9d24-9a107c27f7b0","gpioa":0,"gpiob":0,"gpioc":32768,"gpiod":16496,"gpioe":5376,"modeltime":0,"type":"gpio"}
,[1.3.2020 | 14:6:18] {"client-id":"e444eaaa-848f-42a7-9d24-9a107c27f7b0","gpioa":0,"gpiob":0,"gpioc":32768,"gpiod":16480,"gpioe":5120,"modeltime":0,"type":"gpio"}
,[1.3.2020 | 14:6:18] {"client-id":"e444eaaa-848f-42a7-9d24-9a107c27f7b0","gpioa":0,"gpiob":0,"gpioc":32768,"gpiod":16480,"gpioe":5120,"modeltime":0,"type":"gpio"}
,[1.3.2020 | 14:6:18] {"client-id":"e444eaaa-848f-42a7-9d24-9a107c27f7b0","gpioa":0,"gpiob":0,"gpioc":32768,"gpiod":16480,"gpioe":5120,"modeltime":0,"type":"gpio"}
,[1.3.2020 | 14:6:18] {"client-id":"e444eaaa-848f-42a7-9d24-9a107c27f7b0","gpioa":0,"gpiob":0,"gpioc":32768,"gpiod":16480,"gpioe":5120,"modeltime":0,"type":"gpio"}
,[1.3.2020 | 14:6:19] {"client-id":"e444eaaa-848f-42a7-9d24-9a107c27f7b0","gpioa":0,"gpiob":0,"gpioc":32768,"gpiod":16480,"gpioe":5120,"modeltime":0,"type":"gpio"}
,[1.3.2020 | 14:6:19] {"client-id":"e444eaaa-848f-42a7-9d24-9a107c27f7b0","gpioa":0,"gpiob":0,"gpioc":32768,"gpiod":16480,"gpioe":5120,"modeltime":0,"type":"gpio"}
,[1.3.2020 | 14:6:19] {"client-id":"e444eaaa-848f-42a7-9d24-9a107c27f7b0","gpioa":0,"gpiob":0,"gpioc":32768,"gpiod":16480,"gpioe":5120,"modeltime":0,"type":"gpio"}
,[1.3.2020 | 14:6:19] {"client-id":"e444eaaa-848f-42a7-9d24-9a107c27f7b0","gpioa":0,"gpiob":0,"gpioc":32768,"gpiod":16480,"gpioe":5120,"modeltime":0,"type":"gpio"}
,[1.3.2020 | 14:6:19] {"client-id":"e444eaaa-848f-42a7-9d24-9a107c27f7b0","gpioa":0,"gpiob":0,"gpioc":32768,"gpiod":16480,"gpioe":5120,"modeltime":0,"type":"gpio"}
,[1.3.2020 | 14:6:19] {"client-id":"e444eaaa-848f-42a7-9d24-9a107c27f7b0","gpioa":0,"gpiob":0,"gpioc":32768,"gpiod":16480,"gpioe":5120,"modeltime":0,"type":"gpio"}
,[1.3.2020 | 14:6:19] {"client-id":"e444eaaa-848f-42a7-9d24-9a107c27f7b0","gpioa":0,"gpiob":0,"gpioc":32768,"gpiod":16480,"gpioe":5120,"modeltime":0,"type":"gpio"}
,[1.3.2020 | 14:6:19] {"client-id":"e444eaaa-848f-42a7-9d24-9a107c27f7b0","gpioa":0,"gpiob":0,"gpioc":32768,"gpiod":16480,"gpioe":5120,"modeltime":0,"type":"gpio"}
,[1.3.2020 | 14:6:19] {"client-id":"e444eaaa-848f-42a7-9d24-9a107c27f7b0","gpioa":0,"gpiob":0,"gpioc":32768,"gpiod":16480,"gpioe":5120,"modeltime":0,"type":"gpio"}
,[1.3.2020 | 14:6:19] {"client-id":"e444eaaa-848f-42a7-9d24-9a107c27f7b0","gpioa":0,"gpiob":0,"gpioc":32768,"gpiod":16480,"gpioe":5120,"modeltime":0,"type":"gpio"}
,[1.3.2020 | 14:6:20] {"client-id":"e444eaaa-848f-42a7-9d24-9a107c27f7b0","gpioa":0,"gpiob":0,"gpioc":32768,"gpiod":16480,"gpioe":5120,"modeltime":0,"type":"gpio"}
,[1.3.2020 | 14:6:20] {"client-id":"e444eaaa-848f-42a7-9d24-9a107c27f7b0","gpioa":0,"gpiob":0,"gpioc":32768,"gpiod":16480,"gpioe":5120,"modeltime":0,"type":"gpio"}
,[1.3.2020 | 14:6:20] {"client-id":"e444eaaa-848f-42a7-9d24-9a107c27f7b0","gpioa":0,"gpiob":0,"gpioc":32768,"gpiod":16416,"gpioe":1024,"modeltime":0,"type":"gpio"}
,[1.3.2020 | 14:6:20] {"client-id":"e444eaaa-848f-42a7-9d24-9a107c27f7b0","gpioa":0,"gpiob":0,"gpioc":32768,"gpiod":16416,"gpioe":1024,"modeltime":0,"type":"gpio"}
,[1.3.2020 | 14:6:20] {"client-id":"e444eaaa-848f-42a7-9d24-9a107c27f7b0","gpioa":0,"gpiob":0,"gpioc":32768,"gpiod":16416,"gpioe":1024,"modeltime":0,"type":"gpio"}
,[1.3.2020 | 14:6:20] {"client-id":"e444eaaa-848f-42a7-9d24-9a107c27f7b0","gpioa":0,"gpiob":0,"gpioc":32768,"gpiod":16416,"gpioe":1024,"modeltime":0,"type":"gpio"}
,[1.3.2020 | 14:6:20] {"client-id":"e444eaaa-848f-42a7-9d24-9a107c27f7b0","gpioa":0,"gpiob":0,"gpioc":32768,"gpiod":16416,"gpioe":1024,"modeltime":0,"type":"gpio"}
,[1.3.2020 | 14:6:20] {"client-id":"e444eaaa-848f-42a7-9d24-9a107c27f7b0","gpioa":0,"gpiob":0,"gpioc":32768,"gpiod":16416,"gpioe":1024,"modeltime":0,"type":"gpio"}
,[1.3.2020 | 14:6:20] {"client-id":"e444eaaa-848f-42a7-9d24-9a107c27f7b0","gpioa":0,"gpiob":0,"gpioc":32768,"gpiod":16416,"gpioe":1024,"modeltime":0,"type":"gpio"}
,[1.3.2020 | 14:6:20] {"client-id":"e444eaaa-848f-42a7-9d24-9a107c27f7b0","gpioa":0,"gpiob":0,"gpioc":32768,"gpiod":16416,"gpioe":1024,"modeltime":0,"type":"gpio"}
,[1.3.2020 | 14:6:21] {"client-id":"e444eaaa-848f-42a7-9d24-9a107c27f7b0","gpioa":0,"gpiob":0,"gpioc":32768,"gpiod":16416,"gpioe":1024,"modeltime":0,"type":"gpio"}
,[1.3.2020 | 14:6:21] {"client-id":"e444eaaa-848f-42a7-9d24-9a107c27f7b0","gpioa":0,"gpiob":0,"gpioc":32768,"gpiod":16416,"gpioe":1024,"modeltime":0,"type":"gpio"}
,[1.3.2020 | 14:6:21] {"client-id":"e444eaaa-848f-42a7-9d24-9a107c27f7b0","gpioa":0,"gpiob":0,"gpioc":32768,"gpiod":16416,"gpioe":1024,"modeltime":0,"type":"gpio"}
,[1.3.2020 | 14:6:21] {"client-id":"e444eaaa-848f-42a7-9d24-9a107c27f7b0","gpioa":0,"gpiob":0,"gpioc":32768,"gpiod":16384,"gpioe":0,"modeltime":0,"type":"gpio"}
,[1.3.2020 | 14:6:21] {"client-id":"e444eaaa-848f-42a7-9d24-9a107c27f7b0","gpioa":0,"gpiob":0,"gpioc":32768,"gpiod":16384,"gpioe":0,"modeltime":0,"type":"gpio"}
,[1.3.2020 | 14:6:21] {"client-id":"e444eaaa-848f-42a7-9d24-9a107c27f7b0","gpioa":0,"gpiob":0,"gpioc":32768,"gpiod":16384,"gpioe":0,"modeltime":0,"type":"gpio"}
,[1.3.2020 | 14:6:21] {"client-id":"e444eaaa-848f-42a7-9d24-9a107c27f7b0","gpioa":0,"gpiob":0,"gpioc":32768,"gpiod":16384,"gpioe":0,"modeltime":0,"type":"gpio"}
,[1.3.2020 | 14:6:21] {"client-id":"e444eaaa-848f-42a7-9d24-9a107c27f7b0","gpioa":0,"gpiob":0,"gpioc":32768,"gpiod":16384,"gpioe":0,"modeltime":0,"type":"gpio"}
,[1.3.2020 | 14:6:21] {"client-id":"e444eaaa-848f-42a7-9d24-9a107c27f7b0","gpioa":0,"gpiob":0,"gpioc":32768,"gpiod":16384,"gpioe":0,"modeltime":0,"type":"gpio"}
,[1.3.2020 | 14:6:21] {"client-id":"e444eaaa-848f-42a7-9d24-9a107c27f7b0","gpioa":0,"gpiob":0,"gpioc":32768,"gpiod":16384,"gpioe":0,"modeltime":0,"type":"gpio"}
,[1.3.2020 | 14:6:21] {"client-id":"e444eaaa-848f-42a7-9d24-9a107c27f7b0","gpioa":0,"gpiob":0,"gpioc":32768,"gpiod":16384,"gpioe":0,"modeltime":0,"type":"gpio"}
,[1.3.2020 | 14:6:22] {"client-id":"e444eaaa-848f-42a7-9d24-9a107c27f7b0","gpioa":0,"gpiob":0,"gpioc":32768,"gpiod":8544,"gpioe":256,"modeltime":0,"type":"gpio"}
,[1.3.2020 | 14:6:22] {"client-id":"e444eaaa-848f-42a7-9d24-9a107c27f7b0","gpioa":0,"gpiob":0,"gpioc":32768,"gpiod":8544,"gpioe":256,"modeltime":0,"type":"gpio"}
,[1.3.2020 | 14:6:22] {"client-id":"e444eaaa-848f-42a7-9d24-9a107c27f7b0","gpioa":0,"gpiob":0,"gpioc":32768,"gpiod":8560,"gpioe":256,"modeltime":0,"type":"gpio"}
,[1.3.2020 | 14:6:22] {"client-id":"e444eaaa-848f-42a7-9d24-9a107c27f7b0","gpioa":0,"gpiob":0,"gpioc":32768,"gpiod":8560,"gpioe":256,"modeltime":0,"type":"gpio"}
,[1.3.2020 | 14:6:22] {"client-id":"e444eaaa-848f-42a7-9d24-9a107c27f7b0","gpioa":0,"gpiob":0,"gpioc":32768,"gpiod":8560,"gpioe":256,"modeltime":0,"type":"gpio"}
,[1.3.2020 | 14:6:22] {"client-id":"e444eaaa-848f-42a7-9d24-9a107c27f7b0","gpioa":0,"gpiob":0,"gpioc":32768,"gpiod":8560,"gpioe":256,"modeltime":0,"type":"gpio"}
,[1.3.2020 | 14:6:22] {"client-id":"e444eaaa-848f-42a7-9d24-9a107c27f7b0","gpioa":0,"gpiob":0,"gpioc":32768,"gpiod":8560,"gpioe":256,"modeltime":0,"type":"gpio"}
,[1.3.2020 | 14:6:22] {"client-id":"e444eaaa-848f-42a7-9d24-9a107c27f7b0","gpioa":0,"gpiob":0,"gpioc":32768,"gpiod":8960,"gpioe":256,"modeltime":0,"type":"gpio"}
,[1.3.2020 | 14:6:22] {"client-id":"e444eaaa-848f-42a7-9d24-9a107c27f7b0","gpioa":0,"gpiob":0,"gpioc":32768,"gpiod":8960,"gpioe":256,"modeltime":0,"type":"gpio"}
,[1.3.2020 | 14:6:23] {"client-id":"e444eaaa-848f-42a7-9d24-9a107c27f7b0","gpioa":0,"gpiob":0,"gpioc":32768,"gpiod":8960,"gpioe":256,"modeltime":0,"type":"gpio"}
,[1.3.2020 | 14:6:23] {"client-id":"e444eaaa-848f-42a7-9d24-9a107c27f7b0","gpioa":0,"gpiob":0,"gpioc":32768,"gpiod":8960,"gpioe":256,"modeltime":0,"type":"gpio"}
,[1.3.2020 | 14:6:23] {"client-id":"e444eaaa-848f-42a7-9d24-9a107c27f7b0","gpioa":0,"gpiob":0,"gpioc":32768,"gpiod":8960,"gpioe":256,"modeltime":0,"type":"gpio"}
,[1.3.2020 | 14:6:23] {"client-id":"e444eaaa-848f-42a7-9d24-9a107c27f7b0","gpioa":0,"gpiob":0,"gpioc":32768,"gpiod":10752,"gpioe":256,"modeltime":0,"type":"gpio"}
,[1.3.2020 | 14:6:23] {"client-id":"e444eaaa-848f-42a7-9d24-9a107c27f7b0","gpioa":0,"gpiob":0,"gpioc":32768,"gpiod":10752,"gpioe":256,"modeltime":0,"type":"gpio"}
,[1.3.2020 | 14:6:23] {"client-id":"e444eaaa-848f-42a7-9d24-9a107c27f7b0","gpioa":0,"gpiob":0,"gpioc":32768,"gpiod":10752,"gpioe":256,"modeltime":0,"type":"gpio"}
,[1.3.2020 | 14:6:23] {"client-id":"e444eaaa-848f-42a7-9d24-9a107c27f7b0","gpioa":0,"gpiob":0,"gpioc":32768,"gpiod":10752,"gpioe":256,"modeltime":0,"type":"gpio"}
,[1.3.2020 | 14:6:23] {"client-id":"e444eaaa-848f-42a7-9d24-9a107c27f7b0","gpioa":0,"gpiob":0,"gpioc":32768,"gpiod":10752,"gpioe":256,"modeltime":0,"type":"gpio"}
,[1.3.2020 | 14:6:23] {"client-id":"e444eaaa-848f-42a7-9d24-9a107c27f7b0","gpioa":0,"gpiob":0,"gpioc":32768,"gpiod":14392,"gpioe":256,"modeltime":0,"type":"gpio"}
,[1.3.2020 | 14:6:23] {"client-id":"e444eaaa-848f-42a7-9d24-9a107c27f7b0","gpioa":0,"gpiob":0,"gpioc":32768,"gpiod":14392,"gpioe":256,"modeltime":0,"type":"gpio"}
,[1.3.2020 | 14:6:24] {"client-id":"e444eaaa-848f-42a7-9d24-9a107c27f7b0","gpioa":0,"gpiob":0,"gpioc":32768,"gpiod":14392,"gpioe":256,"modeltime":0,"type":"gpio"}
,[1.3.2020 | 14:6:24] {"client-id":"e444eaaa-848f-42a7-9d24-9a107c27f7b0","gpioa":0,"gpiob":0,"gpioc":32768,"gpiod":14392,"gpioe":256,"modeltime":0,"type":"gpio"}
,[1.3.2020 | 14:6:24] {"client-id":"e444eaaa-848f-42a7-9d24-9a107c27f7b0","gpioa":0,"gpiob":0,"gpioc":32768,"gpiod":14392,"gpioe":256,"modeltime":0,"type":"gpio"}
,[1.3.2020 | 14:6:24] {"client-id":"e444eaaa-848f-42a7-9d24-9a107c27f7b0","gpioa":0,"gpiob":0,"gpioc":32768,"gpiod":10864,"gpioe":256,"modeltime":0,"type":"gpio"}
,[1.3.2020 | 14:6:24] {"client-id":"e444eaaa-848f-42a7-9d24-9a107c27f7b0","gpioa":0,"gpiob":0,"gpioc":32768,"gpiod":10864,"gpioe":256,"modeltime":0,"type":"gpio"}
,[1.3.2020 | 14:6:24] {"client-id":"e444eaaa-848f-42a7-9d24-9a107c27f7b0","gpioa":0,"gpiob":0,"gpioc":32768,"gpiod":10864,"gpioe":256,"modeltime":0,"type":"gpio"}
,[1.3.2020 | 14:6:24] {"client-id":"e444eaaa-848f-42a7-9d24-9a107c27f7b0","gpioa":0,"gpiob":0,"gpioc":32768,"gpiod":10864,"gpioe":256,"modeltime":0,"type":"gpio"}
,[1.3.2020 | 14:6:24] {"client-id":"e444eaaa-848f-42a7-9d24-9a107c27f7b0","gpioa":0,"gpiob":0,"gpioc":32768,"gpiod":10864,"gpioe":256,"modeltime":0,"type":"gpio"}
,[1.3.2020 | 14:6:24] {"client-id":"e444eaaa-848f-42a7-9d24-9a107c27f7b0","gpioa":0,"gpiob":0,"gpioc":32768,"gpiod":9056,"gpioe":256,"modeltime":0,"type":"gpio"}
,[1.3.2020 | 14:6:24] {"client-id":"e444eaaa-848f-42a7-9d24-9a107c27f7b0","gpioa":0,"gpiob":0,"gpioc":32768,"gpiod":9056,"gpioe":256,"modeltime":0,"type":"gpio"}
,[1.3.2020 | 14:6:25] {"client-id":"e444eaaa-848f-42a7-9d24-9a107c27f7b0","gpioa":0,"gpiob":0,"gpioc":32768,"gpiod":9056,"gpioe":256,"modeltime":0,"type":"gpio"}
,[1.3.2020 | 14:6:25] {"client-id":"e444eaaa-848f-42a7-9d24-9a107c27f7b0","gpioa":0,"gpiob":0,"gpioc":32768,"gpiod":9056,"gpioe":256,"modeltime":0,"type":"gpio"}
,[1.3.2020 | 14:6:25] {"client-id":"e444eaaa-848f-42a7-9d24-9a107c27f7b0","gpioa":0,"gpiob":0,"gpioc":0,"gpiod":9056,"gpioe":256,"modeltime":0,"type":"gpio"}
,[1.3.2020 | 14:6:25] {"client-id":"e444eaaa-848f-42a7-9d24-9a107c27f7b0","gpioa":0,"gpiob":0,"gpioc":0,"gpiod":33632,"gpioe":256,"modeltime":0,"type":"gpio"}
,[1.3.2020 | 14:6:25] {"client-id":"e444eaaa-848f-42a7-9d24-9a107c27f7b0","gpioa":0,"gpiob":0,"gpioc":0,"gpiod":33632,"gpioe":256,"modeltime":0,"type":"gpio"}
,[1.3.2020 | 14:6:25] {"client-id":"e444eaaa-848f-42a7-9d24-9a107c27f7b0","gpioa":0,"gpiob":0,"gpioc":0,"gpiod":33632,"gpioe":256,"modeltime":0,"type":"gpio"}
,[1.3.2020 | 14:6:25] {"client-id":"e444eaaa-848f-42a7-9d24-9a107c27f7b0","gpioa":0,"gpiob":0,"gpioc":0,"gpiod":33632,"gpioe":256,"modeltime":0,"type":"gpio"}
,[1.3.2020 | 14:6:25] {"client-id":"e444eaaa-848f-42a7-9d24-9a107c27f7b0","gpioa":0,"gpiob":0,"gpioc":32768,"gpiod":33632,"gpioe":256,"modeltime":0,"type":"gpio"}
,[1.3.2020 | 14:6:25] {"client-id":"e444eaaa-848f-42a7-9d24-9a107c27f7b0","gpioa":0,"gpiob":0,"gpioc":32768,"gpiod":33632,"gpioe":256,"modeltime":0,"type":"gpio"}
,[1.3.2020 | 14:6:25] {"client-id":"e444eaaa-848f-42a7-9d24-9a107c27f7b0","gpioa":0,"gpiob":0,"gpioc":32768,"gpiod":33632,"gpioe":256,"modeltime":0,"type":"gpio"}
,[1.3.2020 | 14:6:26] {"client-id":"e444eaaa-848f-42a7-9d24-9a107c27f7b0","gpioa":0,"gpiob":0,"gpioc":32768,"gpiod":33632,"gpioe":256,"modeltime":0,"type":"gpio"}
,[1.3.2020 | 14:6:26] {"client-id":"e444eaaa-848f-42a7-9d24-9a107c27f7b0","gpioa":0,"gpiob":0,"gpioc":32768,"gpiod":33632,"gpioe":256,"modeltime":0,"type":"gpio"}
,[1.3.2020 | 14:6:26] {"client-id":"e444eaaa-848f-42a7-9d24-9a107c27f7b0","gpioa":0,"gpiob":0,"gpioc":32768,"gpiod":33632,"gpioe":256,"modeltime":0,"type":"gpio"}
,[1.3.2020 | 14:6:26] {"client-id":"e444eaaa-848f-42a7-9d24-9a107c27f7b0","gpioa":0,"gpiob":0,"gpioc":32768,"gpiod":33632,"gpioe":256,"modeltime":0,"type":"gpio"}
,[1.3.2020 | 14:6:26] {"client-id":"e444eaaa-848f-42a7-9d24-9a107c27f7b0","gpioa":0,"gpiob":0,"gpioc":32768,"gpiod":33632,"gpioe":256,"modeltime":0,"type":"gpio"}
,[1.3.2020 | 14:6:26] {"client-id":"e444eaaa-848f-42a7-9d24-9a107c27f7b0","gpioa":0,"gpiob":0,"gpioc":32768,"gpiod":33632,"gpioe":256,"modeltime":0,"type":"gpio"}
,[1.3.2020 | 14:6:26] {"client-id":"e444eaaa-848f-42a7-9d24-9a107c27f7b0","gpioa":0,"gpiob":0,"gpioc":32768,"gpiod":33632,"gpioe":256,"modeltime":0,"type":"gpio"}
,[1.3.2020 | 14:6:26] {"client-id":"e444eaaa-848f-42a7-9d24-9a107c27f7b0","gpioa":0,"gpiob":0,"gpioc":32768,"gpiod":33632,"gpioe":256,"modeltime":0,"type":"gpio"}
,[1.3.2020 | 14:6:26] {"client-id":"e444eaaa-848f-42a7-9d24-9a107c27f7b0","gpioa":0,"gpiob":0,"gpioc":32768,"gpiod":33632,"gpioe":256,"modeltime":0,"type":"gpio"}
,[1.3.2020 | 14:6:26] {"client-id":"e444eaaa-848f-42a7-9d24-9a107c27f7b0","gpioa":0,"gpiob":0,"gpioc":32768,"gpiod":33632,"gpioe":256,"modeltime":0,"type":"gpio"}
,[1.3.2020 | 14:6:26] {"client-id":"e444eaaa-848f-42a7-9d24-9a107c27f7b0","gpioa":0,"gpiob":0,"gpioc":32768,"gpiod":33632,"gpioe":256,"modeltime":0,"type":"gpio"}
,[1.3.2020 | 14:6:27] {"client-id":"e444eaaa-848f-42a7-9d24-9a107c27f7b0","gpioa":0,"gpiob":0,"gpioc":32768,"gpiod":33632,"gpioe":256,"modeltime":0,"type":"gpio"}
,[1.3.2020 | 14:6:27] {"client-id":"e444eaaa-848f-42a7-9d24-9a107c27f7b0","gpioa":0,"gpiob":0,"gpioc":32768,"gpiod":33632,"gpioe":256,"modeltime":0,"type":"gpio"}
,[1.3.2020 | 14:6:27] {"client-id":"e444eaaa-848f-42a7-9d24-9a107c27f7b0","gpioa":0,"gpiob":0,"gpioc":32768,"gpiod":33632,"gpioe":256,"modeltime":0,"type":"gpio"}
,[1.3.2020 | 14:6:27] {"client-id":"e444eaaa-848f-42a7-9d24-9a107c27f7b0","gpioa":0,"gpiob":0,"gpioc":32768,"gpiod":33632,"gpioe":256,"modeltime":0,"type":"gpio"}
,[1.3.2020 | 14:6:27] {"client-id":"e444eaaa-848f-42a7-9d24-9a107c27f7b0","gpioa":0,"gpiob":0,"gpioc":32768,"gpiod":33632,"gpioe":256,"modeltime":0,"type":"gpio"}
,[1.3.2020 | 14:6:27] {"client-id":"e444eaaa-848f-42a7-9d24-9a107c27f7b0","gpioa":0,"gpiob":0,"gpioc":32768,"gpiod":33632,"gpioe":256,"modeltime":0,"type":"gpio"}
,[1.3.2020 | 14:6:27] {"client-id":"e444eaaa-848f-42a7-9d24-9a107c27f7b0","gpioa":0,"gpiob":0,"gpioc":32768,"gpiod":33632,"gpioe":256,"modeltime":0,"type":"gpio"}
,[1.3.2020 | 14:6:27] {"client-id":"e444eaaa-848f-42a7-9d24-9a107c27f7b0","gpioa":0,"gpiob":0,"gpioc":32768,"gpiod":33632,"gpioe":256,"modeltime":0,"type":"gpio"}
,[1.3.2020 | 14:6:27] {"client-id":"e444eaaa-848f-42a7-9d24-9a107c27f7b0","gpioa":0,"gpiob":0,"gpioc":32768,"gpiod":33632,"gpioe":256,"modeltime":0,"type":"gpio"}
,[1.3.2020 | 14:6:27] {"client-id":"e444eaaa-848f-42a7-9d24-9a107c27f7b0","gpioa":0,"gpiob":0,"gpioc":32768,"gpiod":33632,"gpioe":256,"modeltime":0,"type":"gpio"}
,[1.3.2020 | 14:6:28] {"client-id":"e444eaaa-848f-42a7-9d24-9a107c27f7b0","gpioa":0,"gpiob":0,"gpioc":32768,"gpiod":33632,"gpioe":256,"modeltime":0,"type":"gpio"}
,[1.3.2020 | 14:6:28] {"client-id":"e444eaaa-848f-42a7-9d24-9a107c27f7b0","gpioa":0,"gpiob":0,"gpioc":0,"gpiod":33632,"gpioe":256,"modeltime":0,"type":"gpio"}
,[1.3.2020 | 14:6:28] {"client-id":"e444eaaa-848f-42a7-9d24-9a107c27f7b0","gpioa":0,"gpiob":0,"gpioc":0,"gpiod":9024,"gpioe":256,"modeltime":0,"type":"gpio"}
,[1.3.2020 | 14:6:28] {"client-id":"e444eaaa-848f-42a7-9d24-9a107c27f7b0","gpioa":0,"gpiob":0,"gpioc":0,"gpiod":9024,"gpioe":256,"modeltime":0,"type":"gpio"}
,[1.3.2020 | 14:6:28] {"client-id":"e444eaaa-848f-42a7-9d24-9a107c27f7b0","gpioa":0,"gpiob":0,"gpioc":0,"gpiod":9024,"gpioe":256,"modeltime":0,"type":"gpio"}
,[1.3.2020 | 14:6:28] {"client-id":"e444eaaa-848f-42a7-9d24-9a107c27f7b0","gpioa":0,"gpiob":0,"gpioc":0,"gpiod":9024,"gpioe":256,"modeltime":0,"type":"gpio"}
,[1.3.2020 | 14:6:28] {"client-id":"e444eaaa-848f-42a7-9d24-9a107c27f7b0","gpioa":0,"gpiob":0,"gpioc":32768,"gpiod":9024,"gpioe":256,"modeltime":0,"type":"gpio"}
,[1.3.2020 | 14:6:28] {"client-id":"e444eaaa-848f-42a7-9d24-9a107c27f7b0","gpioa":0,"gpiob":0,"gpioc":32768,"gpiod":11104,"gpioe":256,"modeltime":0,"type":"gpio"}
,[1.3.2020 | 14:6:28] {"client-id":"e444eaaa-848f-42a7-9d24-9a107c27f7b0","gpioa":0,"gpiob":0,"gpioc":32768,"gpiod":11104,"gpioe":256,"modeltime":0,"type":"gpio"}
,[1.3.2020 | 14:6:28] {"client-id":"e444eaaa-848f-42a7-9d24-9a107c27f7b0","gpioa":0,"gpiob":0,"gpioc":32768,"gpiod":11104,"gpioe":256,"modeltime":0,"type":"gpio"}
,[1.3.2020 | 14:6:29] {"client-id":"e444eaaa-848f-42a7-9d24-9a107c27f7b0","gpioa":0,"gpiob":0,"gpioc":32768,"gpiod":11104,"gpioe":256,"modeltime":0,"type":"gpio"}
,[1.3.2020 | 14:6:29] {"client-id":"e444eaaa-848f-42a7-9d24-9a107c27f7b0","gpioa":0,"gpiob":0,"gpioc":32768,"gpiod":11104,"gpioe":256,"modeltime":0,"type":"gpio"}
,[1.3.2020 | 14:6:29] {"client-id":"e444eaaa-848f-42a7-9d24-9a107c27f7b0","gpioa":0,"gpiob":0,"gpioc":32768,"gpiod":14896,"gpioe":256,"modeltime":0,"type":"gpio"}
,[1.3.2020 | 14:6:29] {"client-id":"e444eaaa-848f-42a7-9d24-9a107c27f7b0","gpioa":0,"gpiob":0,"gpioc":32768,"gpiod":14896,"gpioe":256,"modeltime":0,"type":"gpio"}
,[1.3.2020 | 14:6:29] {"client-id":"e444eaaa-848f-42a7-9d24-9a107c27f7b0","gpioa":0,"gpiob":0,"gpioc":32768,"gpiod":14896,"gpioe":256,"modeltime":0,"type":"gpio"}
,[1.3.2020 | 14:6:29] {"client-id":"e444eaaa-848f-42a7-9d24-9a107c27f7b0","gpioa":0,"gpiob":0,"gpioc":32768,"gpiod":14896,"gpioe":256,"modeltime":0,"type":"gpio"}
,[1.3.2020 | 14:6:29] {"client-id":"e444eaaa-848f-42a7-9d24-9a107c27f7b0","gpioa":0,"gpiob":0,"gpioc":32768,"gpiod":14896,"gpioe":256,"modeltime":0,"type":"gpio"}
,[1.3.2020 | 14:6:29] {"client-id":"e444eaaa-848f-42a7-9d24-9a107c27f7b0","gpioa":0,"gpiob":0,"gpioc":32768,"gpiod":11032,"gpioe":256,"modeltime":0,"type":"gpio"}
,[1.3.2020 | 14:6:29] {"client-id":"e444eaaa-848f-42a7-9d24-9a107c27f7b0","gpioa":0,"gpiob":0,"gpioc":32768,"gpiod":11032,"gpioe":256,"modeltime":0,"type":"gpio"}
,[1.3.2020 | 14:6:30] {"client-id":"e444eaaa-848f-42a7-9d24-9a107c27f7b0","gpioa":0,"gpiob":0,"gpioc":32768,"gpiod":11032,"gpioe":256,"modeltime":0,"type":"gpio"}
,[1.3.2020 | 14:6:30] {"client-id":"e444eaaa-848f-42a7-9d24-9a107c27f7b0","gpioa":0,"gpiob":0,"gpioc":32768,"gpiod":11032,"gpioe":256,"modeltime":0,"type":"gpio"}
,[1.3.2020 | 14:6:30] {"client-id":"e444eaaa-848f-42a7-9d24-9a107c27f7b0","gpioa":0,"gpiob":0,"gpioc":32768,"gpiod":11032,"gpioe":256,"modeltime":0,"type":"gpio"}
,[1.3.2020 | 14:6:30] {"client-id":"e444eaaa-848f-42a7-9d24-9a107c27f7b0","gpioa":0,"gpiob":0,"gpioc":32768,"gpiod":9072,"gpioe":256,"modeltime":0,"type":"gpio"}
,[1.3.2020 | 14:6:30] {"client-id":"e444eaaa-848f-42a7-9d24-9a107c27f7b0","gpioa":0,"gpiob":0,"gpioc":32768,"gpiod":9072,"gpioe":256,"modeltime":0,"type":"gpio"}
,[1.3.2020 | 14:6:30] {"client-id":"e444eaaa-848f-42a7-9d24-9a107c27f7b0","gpioa":0,"gpiob":0,"gpioc":32768,"gpiod":9072,"gpioe":256,"modeltime":0,"type":"gpio"}
,[1.3.2020 | 14:6:30] {"client-id":"e444eaaa-848f-42a7-9d24-9a107c27f7b0","gpioa":0,"gpiob":0,"gpioc":32768,"gpiod":9072,"gpioe":256,"modeltime":0,"type":"gpio"}
,[1.3.2020 | 14:6:30] {"client-id":"e444eaaa-848f-42a7-9d24-9a107c27f7b0","gpioa":0,"gpiob":0,"gpioc":32768,"gpiod":9072,"gpioe":256,"modeltime":0,"type":"gpio"}
,[1.3.2020 | 14:6:30] {"client-id":"e444eaaa-848f-42a7-9d24-9a107c27f7b0","gpioa":0,"gpiob":0,"gpioc":32768,"gpiod":8544,"gpioe":256,"modeltime":0,"type":"gpio"}
,[1.3.2020 | 14:6:30] {"client-id":"e444eaaa-848f-42a7-9d24-9a107c27f7b0","gpioa":0,"gpiob":0,"gpioc":32768,"gpiod":8544,"gpioe":256,"modeltime":0,"type":"gpio"}
,[1.3.2020 | 14:6:31] {"client-id":"e444eaaa-848f-42a7-9d24-9a107c27f7b0","gpioa":0,"gpiob":0,"gpioc":32768,"gpiod":8544,"gpioe":256,"modeltime":0,"type":"gpio"}
,[1.3.2020 | 14:6:31] {"client-id":"e444eaaa-848f-42a7-9d24-9a107c27f7b0","gpioa":0,"gpiob":0,"gpioc":32768,"gpiod":8544,"gpioe":256,"modeltime":0,"type":"gpio"}
,[1.3.2020 | 14:6:31] {"client-id":"e444eaaa-848f-42a7-9d24-9a107c27f7b0","gpioa":0,"gpiob":0,"gpioc":32768,"gpiod":8544,"gpioe":256,"modeltime":0,"type":"gpio"}
,[1.3.2020 | 14:6:31] {"client-id":"e444eaaa-848f-42a7-9d24-9a107c27f7b0","gpioa":0,"gpiob":0,"gpioc":32768,"gpiod":8560,"gpioe":256,"modeltime":0,"type":"gpio"}
,[1.3.2020 | 14:6:31] {"client-id":"e444eaaa-848f-42a7-9d24-9a107c27f7b0","gpioa":0,"gpiob":0,"gpioc":32768,"gpiod":8560,"gpioe":256,"modeltime":0,"type":"gpio"}
,[1.3.2020 | 14:6:31] {"client-id":"e444eaaa-848f-42a7-9d24-9a107c27f7b0","gpioa":0,"gpiob":0,"gpioc":32768,"gpiod":8560,"gpioe":256,"modeltime":0,"type":"gpio"}
,[1.3.2020 | 14:6:31] {"client-id":"e444eaaa-848f-42a7-9d24-9a107c27f7b0","gpioa":0,"gpiob":0,"gpioc":32768,"gpiod":8560,"gpioe":256,"modeltime":0,"type":"gpio"}
,[1.3.2020 | 14:6:31] {"client-id":"e444eaaa-848f-42a7-9d24-9a107c27f7b0","gpioa":0,"gpiob":0,"gpioc":32768,"gpiod":8560,"gpioe":256,"modeltime":0,"type":"gpio"}
,[1.3.2020 | 14:6:31] {"client-id":"e444eaaa-848f-42a7-9d24-9a107c27f7b0","gpioa":0,"gpiob":0,"gpioc":32768,"gpiod":8960,"gpioe":256,"modeltime":0,"type":"gpio"}
,[1.3.2020 | 14:6:31] {"client-id":"e444eaaa-848f-42a7-9d24-9a107c27f7b0","gpioa":0,"gpiob":0,"gpioc":32768,"gpiod":8960,"gpioe":256,"modeltime":0,"type":"gpio"}
,[1.3.2020 | 14:6:32] {"client-id":"e444eaaa-848f-42a7-9d24-9a107c27f7b0","gpioa":0,"gpiob":0,"gpioc":32768,"gpiod":8960,"gpioe":256,"modeltime":0,"type":"gpio"}
,[1.3.2020 | 14:6:32] {"client-id":"e444eaaa-848f-42a7-9d24-9a107c27f7b0","gpioa":0,"gpiob":0,"gpioc":32768,"gpiod":8960,"gpioe":256,"modeltime":0,"type":"gpio"}
,[1.3.2020 | 14:6:32] {"client-id":"e444eaaa-848f-42a7-9d24-9a107c27f7b0","gpioa":0,"gpiob":0,"gpioc":32768,"gpiod":8960,"gpioe":256,"modeltime":0,"type":"gpio"}
,[1.3.2020 | 14:6:32] {"client-id":"e444eaaa-848f-42a7-9d24-9a107c27f7b0","gpioa":0,"gpiob":0,"gpioc":32768,"gpiod":10752,"gpioe":256,"modeltime":0,"type":"gpio"}
,[1.3.2020 | 14:6:32] {"client-id":"e444eaaa-848f-42a7-9d24-9a107c27f7b0","gpioa":0,"gpiob":0,"gpioc":32768,"gpiod":10752,"gpioe":256,"modeltime":0,"type":"gpio"}
,[1.3.2020 | 14:6:32] {"client-id":"e444eaaa-848f-42a7-9d24-9a107c27f7b0","gpioa":0,"gpiob":0,"gpioc":32768,"gpiod":10752,"gpioe":256,"modeltime":0,"type":"gpio"}
,[1.3.2020 | 14:6:32] {"client-id":"e444eaaa-848f-42a7-9d24-9a107c27f7b0","gpioa":0,"gpiob":0,"gpioc":32768,"gpiod":10752,"gpioe":256,"modeltime":0,"type":"gpio"}
,[1.3.2020 | 14:6:32] {"client-id":"e444eaaa-848f-42a7-9d24-9a107c27f7b0","gpioa":0,"gpiob":0,"gpioc":32768,"gpiod":10752,"gpioe":256,"modeltime":0,"type":"gpio"}
,[1.3.2020 | 14:6:32] {"client-id":"e444eaaa-848f-42a7-9d24-9a107c27f7b0","gpioa":0,"gpiob":0,"gpioc":32768,"gpiod":14392,"gpioe":256,"modeltime":0,"type":"gpio"}
,[1.3.2020 | 14:6:32] {"client-id":"e444eaaa-848f-42a7-9d24-9a107c27f7b0","gpioa":0,"gpiob":0,"gpioc":32768,"gpiod":14392,"gpioe":256,"modeltime":0,"type":"gpio"}
,[1.3.2020 | 14:6:32] {"client-id":"e444eaaa-848f-42a7-9d24-9a107c27f7b0","gpioa":0,"gpiob":0,"gpioc":32768,"gpiod":14392,"gpioe":256,"modeltime":0,"type":"gpio"}
,[1.3.2020 | 14:6:33] {"client-id":"e444eaaa-848f-42a7-9d24-9a107c27f7b0","gpioa":0,"gpiob":0,"gpioc":32768,"gpiod":14392,"gpioe":256,"modeltime":0,"type":"gpio"}
,[1.3.2020 | 14:6:33] {"client-id":"e444eaaa-848f-42a7-9d24-9a107c27f7b0","gpioa":0,"gpiob":0,"gpioc":32768,"gpiod":14392,"gpioe":256,"modeltime":0,"type":"gpio"}
,[1.3.2020 | 14:6:33] {"client-id":"e444eaaa-848f-42a7-9d24-9a107c27f7b0","gpioa":0,"gpiob":0,"gpioc":32768,"gpiod":10864,"gpioe":256,"modeltime":0,"type":"gpio"}
,[1.3.2020 | 14:6:33] {"client-id":"e444eaaa-848f-42a7-9d24-9a107c27f7b0","gpioa":0,"gpiob":0,"gpioc":0,"gpiod":10864,"gpioe":256,"modeltime":0,"type":"gpio"}
,[1.3.2020 | 14:6:33] {"client-id":"e444eaaa-848f-42a7-9d24-9a107c27f7b0","gpioa":0,"gpiob":0,"gpioc":0,"gpiod":10864,"gpioe":256,"modeltime":0,"type":"gpio"}
,[1.3.2020 | 14:6:33] {"client-id":"e444eaaa-848f-42a7-9d24-9a107c27f7b0","gpioa":0,"gpiob":0,"gpioc":0,"gpiod":10864,"gpioe":256,"modeltime":0,"type":"gpio"}
,[1.3.2020 | 14:6:33] {"client-id":"e444eaaa-848f-42a7-9d24-9a107c27f7b0","gpioa":0,"gpiob":0,"gpioc":0,"gpiod":10864,"gpioe":256,"modeltime":0,"type":"gpio"}
,[1.3.2020 | 14:6:33] {"client-id":"e444eaaa-848f-42a7-9d24-9a107c27f7b0","gpioa":0,"gpiob":0,"gpioc":0,"gpiod":35424,"gpioe":256,"modeltime":0,"type":"gpio"}
,[1.3.2020 | 14:6:33] {"client-id":"e444eaaa-848f-42a7-9d24-9a107c27f7b0","gpioa":0,"gpiob":0,"gpioc":32768,"gpiod":35424,"gpioe":256,"modeltime":0,"type":"gpio"}
,[1.3.2020 | 14:6:34] {"client-id":"e444eaaa-848f-42a7-9d24-9a107c27f7b0","gpioa":0,"gpiob":0,"gpioc":32768,"gpiod":35424,"gpioe":256,"modeltime":0,"type":"gpio"}
,[1.3.2020 | 14:6:34] {"client-id":"e444eaaa-848f-42a7-9d24-9a107c27f7b0","gpioa":0,"gpiob":0,"gpioc":32768,"gpiod":35424,"gpioe":256,"modeltime":0,"type":"gpio"}
,[1.3.2020 | 14:6:34] {"client-id":"e444eaaa-848f-42a7-9d24-9a107c27f7b0","gpioa":0,"gpiob":0,"gpioc":32768,"gpiod":35424,"gpioe":256,"modeltime":0,"type":"gpio"}
,[1.3.2020 | 14:6:34] {"client-id":"e444eaaa-848f-42a7-9d24-9a107c27f7b0","gpioa":0,"gpiob":0,"gpioc":32768,"gpiod":35424,"gpioe":256,"modeltime":0,"type":"gpio"}
,[1.3.2020 | 14:6:34] {"client-id":"e444eaaa-848f-42a7-9d24-9a107c27f7b0","gpioa":0,"gpiob":0,"gpioc":32768,"gpiod":35424,"gpioe":256,"modeltime":0,"type":"gpio"}
,[1.3.2020 | 14:6:34] {"client-id":"e444eaaa-848f-42a7-9d24-9a107c27f7b0","gpioa":0,"gpiob":0,"gpioc":32768,"gpiod":35424,"gpioe":256,"modeltime":0,"type":"gpio"}
,[1.3.2020 | 14:6:34] {"client-id":"e444eaaa-848f-42a7-9d24-9a107c27f7b0","gpioa":0,"gpiob":0,"gpioc":32768,"gpiod":35424,"gpioe":256,"modeltime":0,"type":"gpio"}
,[1.3.2020 | 14:6:34] {"client-id":"e444eaaa-848f-42a7-9d24-9a107c27f7b0","gpioa":0,"gpiob":0,"gpioc":32768,"gpiod":35424,"gpioe":256,"modeltime":0,"type":"gpio"}
,[1.3.2020 | 14:6:34] {"client-id":"e444eaaa-848f-42a7-9d24-9a107c27f7b0","gpioa":0,"gpiob":0,"gpioc":32768,"gpiod":35424,"gpioe":256,"modeltime":0,"type":"gpio"}
,[1.3.2020 | 14:6:34] {"client-id":"e444eaaa-848f-42a7-9d24-9a107c27f7b0","gpioa":0,"gpiob":0,"gpioc":32768,"gpiod":35424,"gpioe":256,"modeltime":0,"type":"gpio"}
,[1.3.2020 | 14:6:35] {"client-id":"e444eaaa-848f-42a7-9d24-9a107c27f7b0","gpioa":0,"gpiob":0,"gpioc":32768,"gpiod":35424,"gpioe":256,"modeltime":0,"type":"gpio"}
,[1.3.2020 | 14:6:35] {"client-id":"e444eaaa-848f-42a7-9d24-9a107c27f7b0","gpioa":0,"gpiob":0,"gpioc":32768,"gpiod":35424,"gpioe":256,"modeltime":0,"type":"gpio"}
,[1.3.2020 | 14:6:35] {"client-id":"e444eaaa-848f-42a7-9d24-9a107c27f7b0","gpioa":0,"gpiob":0,"gpioc":32768,"gpiod":35424,"gpioe":256,"modeltime":0,"type":"gpio"}
,[1.3.2020 | 14:6:35] {"client-id":"e444eaaa-848f-42a7-9d24-9a107c27f7b0","gpioa":0,"gpiob":0,"gpioc":32768,"gpiod":35424,"gpioe":256,"modeltime":0,"type":"gpio"}
,[1.3.2020 | 14:6:35] {"client-id":"e444eaaa-848f-42a7-9d24-9a107c27f7b0","gpioa":0,"gpiob":0,"gpioc":32768,"gpiod":35424,"gpioe":256,"modeltime":0,"type":"gpio"}
,[1.3.2020 | 14:6:35] {"client-id":"e444eaaa-848f-42a7-9d24-9a107c27f7b0","gpioa":0,"gpiob":0,"gpioc":32768,"gpiod":35424,"gpioe":256,"modeltime":0,"type":"gpio"}
,[1.3.2020 | 14:6:35] {"client-id":"e444eaaa-848f-42a7-9d24-9a107c27f7b0","gpioa":0,"gpiob":0,"gpioc":32768,"gpiod":35424,"gpioe":256,"modeltime":0,"type":"gpio"}
,[1.3.2020 | 14:6:35] {"client-id":"e444eaaa-848f-42a7-9d24-9a107c27f7b0","gpioa":0,"gpiob":0,"gpioc":32768,"gpiod":35424,"gpioe":256,"modeltime":0,"type":"gpio"}
,[1.3.2020 | 14:6:35] {"client-id":"e444eaaa-848f-42a7-9d24-9a107c27f7b0","gpioa":0,"gpiob":0,"gpioc":32768,"gpiod":35424,"gpioe":256,"modeltime":0,"type":"gpio"}
,[1.3.2020 | 14:6:35] {"client-id":"e444eaaa-848f-42a7-9d24-9a107c27f7b0","gpioa":0,"gpiob":0,"gpioc":32768,"gpiod":35424,"gpioe":256,"modeltime":0,"type":"gpio"}
,[1.3.2020 | 14:6:36] {"client-id":"e444eaaa-848f-42a7-9d24-9a107c27f7b0","gpioa":0,"gpiob":0,"gpioc":32768,"gpiod":35424,"gpioe":256,"modeltime":0,"type":"gpio"}
,[1.3.2020 | 14:6:36] {"client-id":"e444eaaa-848f-42a7-9d24-9a107c27f7b0","gpioa":0,"gpiob":0,"gpioc":32768,"gpiod":35424,"gpioe":256,"modeltime":0,"type":"gpio"}
,[1.3.2020 | 14:6:36] {"client-id":"e444eaaa-848f-42a7-9d24-9a107c27f7b0","gpioa":0,"gpiob":0,"gpioc":32768,"gpiod":35424,"gpioe":256,"modeltime":0,"type":"gpio"}
,[1.3.2020 | 14:6:36] {"client-id":"e444eaaa-848f-42a7-9d24-9a107c27f7b0","gpioa":0,"gpiob":0,"gpioc":32768,"gpiod":35424,"gpioe":256,"modeltime":0,"type":"gpio"}
,[1.3.2020 | 14:6:36] {"client-id":"e444eaaa-848f-42a7-9d24-9a107c27f7b0","gpioa":0,"gpiob":0,"gpioc":32768,"gpiod":35424,"gpioe":256,"modeltime":0,"type":"gpio"}
,[1.3.2020 | 14:6:36] {"client-id":"e444eaaa-848f-42a7-9d24-9a107c27f7b0","gpioa":0,"gpiob":0,"gpioc":32768,"gpiod":35424,"gpioe":256,"modeltime":0,"type":"gpio"}
,[1.3.2020 | 14:6:36] {"client-id":"e444eaaa-848f-42a7-9d24-9a107c27f7b0","gpioa":0,"gpiob":0,"gpioc":32768,"gpiod":35424,"gpioe":256,"modeltime":0,"type":"gpio"}
,[1.3.2020 | 14:6:36] {"client-id":"e444eaaa-848f-42a7-9d24-9a107c27f7b0","gpioa":0,"gpiob":0,"gpioc":32768,"gpiod":35424,"gpioe":256,"modeltime":0,"type":"gpio"}
,[1.3.2020 | 14:6:36] {"client-id":"e444eaaa-848f-42a7-9d24-9a107c27f7b0","gpioa":0,"gpiob":0,"gpioc":32768,"gpiod":35424,"gpioe":256,"modeltime":0,"type":"gpio"}
,[1.3.2020 | 14:6:36] {"client-id":"e444eaaa-848f-42a7-9d24-9a107c27f7b0","gpioa":0,"gpiob":0,"gpioc":32768,"gpiod":35424,"gpioe":256,"modeltime":0,"type":"gpio"}
,[1.3.2020 | 14:6:36] {"client-id":"e444eaaa-848f-42a7-9d24-9a107c27f7b0","gpioa":0,"gpiob":0,"gpioc":32768,"gpiod":35424,"gpioe":256,"modeltime":0,"type":"gpio"}
,[1.3.2020 | 14:6:37] {"client-id":"e444eaaa-848f-42a7-9d24-9a107c27f7b0","gpioa":0,"gpiob":0,"gpioc":32768,"gpiod":35424,"gpioe":256,"modeltime":0,"type":"gpio"}
,[1.3.2020 | 14:6:37] {"client-id":"e444eaaa-848f-42a7-9d24-9a107c27f7b0","gpioa":0,"gpiob":0,"gpioc":32768,"gpiod":35424,"gpioe":256,"modeltime":0,"type":"gpio"}
,[1.3.2020 | 14:6:37] {"client-id":"e444eaaa-848f-42a7-9d24-9a107c27f7b0","gpioa":0,"gpiob":0,"gpioc":32768,"gpiod":35424,"gpioe":256,"modeltime":0,"type":"gpio"}
,[1.3.2020 | 14:6:37] {"client-id":"e444eaaa-848f-42a7-9d24-9a107c27f7b0","gpioa":0,"gpiob":0,"gpioc":32768,"gpiod":35424,"gpioe":1280,"modeltime":0,"type":"gpio"}
,[1.3.2020 | 14:6:37] {"client-id":"e444eaaa-848f-42a7-9d24-9a107c27f7b0","gpioa":0,"gpiob":0,"gpioc":32768,"gpiod":35424,"gpioe":1280,"modeltime":0,"type":"gpio"}
,[1.3.2020 | 14:6:37] {"client-id":"e444eaaa-848f-42a7-9d24-9a107c27f7b0","gpioa":0,"gpiob":0,"gpioc":32768,"gpiod":35424,"gpioe":1280,"modeltime":0,"type":"gpio"}
,[1.3.2020 | 14:6:37] {"client-id":"e444eaaa-848f-42a7-9d24-9a107c27f7b0","gpioa":0,"gpiob":0,"gpioc":32768,"gpiod":35424,"gpioe":1280,"modeltime":0,"type":"gpio"}
,[1.3.2020 | 14:6:37] {"client-id":"e444eaaa-848f-42a7-9d24-9a107c27f7b0","gpioa":0,"gpiob":0,"gpioc":32768,"gpiod":35424,"gpioe":1280,"modeltime":0,"type":"gpio"}
,[1.3.2020 | 14:6:37] {"client-id":"e444eaaa-848f-42a7-9d24-9a107c27f7b0","gpioa":0,"gpiob":0,"gpioc":32768,"gpiod":35424,"gpioe":1280,"modeltime":0,"type":"gpio"}
,[1.3.2020 | 14:6:37] {"client-id":"e444eaaa-848f-42a7-9d24-9a107c27f7b0","gpioa":0,"gpiob":0,"gpioc":32768,"gpiod":35424,"gpioe":1280,"modeltime":0,"type":"gpio"}
,[1.3.2020 | 14:6:38] {"client-id":"e444eaaa-848f-42a7-9d24-9a107c27f7b0","gpioa":0,"gpiob":0,"gpioc":32768,"gpiod":35424,"gpioe":5376,"modeltime":0,"type":"gpio"}
,[1.3.2020 | 14:6:38] {"client-id":"e444eaaa-848f-42a7-9d24-9a107c27f7b0","gpioa":0,"gpiob":0,"gpioc":32768,"gpiod":35424,"gpioe":5376,"modeltime":0,"type":"gpio"}
,[1.3.2020 | 14:6:38] {"client-id":"e444eaaa-848f-42a7-9d24-9a107c27f7b0","gpioa":0,"gpiob":0,"gpioc":32768,"gpiod":35424,"gpioe":5376,"modeltime":0,"type":"gpio"}
,[1.3.2020 | 14:6:38] {"client-id":"e444eaaa-848f-42a7-9d24-9a107c27f7b0","gpioa":0,"gpiob":0,"gpioc":32768,"gpiod":35424,"gpioe":5376,"modeltime":0,"type":"gpio"}
,[1.3.2020 | 14:6:38] {"client-id":"e444eaaa-848f-42a7-9d24-9a107c27f7b0","gpioa":0,"gpiob":0,"gpioc":32768,"gpiod":35424,"gpioe":5376,"modeltime":0,"type":"gpio"}
,[1.3.2020 | 14:6:38] {"client-id":"e444eaaa-848f-42a7-9d24-9a107c27f7b0","gpioa":0,"gpiob":0,"gpioc":32768,"gpiod":35424,"gpioe":5376,"modeltime":0,"type":"gpio"}
,[1.3.2020 | 14:6:38] {"client-id":"e444eaaa-848f-42a7-9d24-9a107c27f7b0","gpioa":0,"gpiob":0,"gpioc":32768,"gpiod":35424,"gpioe":5376,"modeltime":0,"type":"gpio"}
,[1.3.2020 | 14:6:38] {"client-id":"e444eaaa-848f-42a7-9d24-9a107c27f7b0","gpioa":0,"gpiob":0,"gpioc":32768,"gpiod":35424,"gpioe":5376,"modeltime":0,"type":"gpio"}
,[1.3.2020 | 14:6:38] {"client-id":"e444eaaa-848f-42a7-9d24-9a107c27f7b0","gpioa":0,"gpiob":0,"gpioc":32768,"gpiod":35424,"gpioe":5376,"modeltime":0,"type":"gpio"}
,[1.3.2020 | 14:6:39] {"client-id":"e444eaaa-848f-42a7-9d24-9a107c27f7b0","gpioa":0,"gpiob":0,"gpioc":32768,"gpiod":35424,"gpioe":5376,"modeltime":0,"type":"gpio"}
,[1.3.2020 | 14:6:39] {"client-id":"e444eaaa-848f-42a7-9d24-9a107c27f7b0","gpioa":0,"gpiob":0,"gpioc":32768,"gpiod":35424,"gpioe":5376,"modeltime":0,"type":"gpio"}
,[1.3.2020 | 14:6:39] {"client-id":"e444eaaa-848f-42a7-9d24-9a107c27f7b0","gpioa":0,"gpiob":0,"gpioc":32768,"gpiod":35424,"gpioe":5376,"modeltime":0,"type":"gpio"}
,[1.3.2020 | 14:6:39] {"client-id":"e444eaaa-848f-42a7-9d24-9a107c27f7b0","gpioa":0,"gpiob":0,"gpioc":32768,"gpiod":35424,"gpioe":5376,"modeltime":0,"type":"gpio"}
,[1.3.2020 | 14:6:39] {"client-id":"e444eaaa-848f-42a7-9d24-9a107c27f7b0","gpioa":0,"gpiob":0,"gpioc":32768,"gpiod":35424,"gpioe":5376,"modeltime":0,"type":"gpio"}
,[1.3.2020 | 14:6:39] {"client-id":"e444eaaa-848f-42a7-9d24-9a107c27f7b0","gpioa":0,"gpiob":0,"gpioc":32768,"gpiod":35424,"gpioe":5376,"modeltime":0,"type":"gpio"}
,[1.3.2020 | 14:6:39] {"client-id":"e444eaaa-848f-42a7-9d24-9a107c27f7b0","gpioa":0,"gpiob":0,"gpioc":32768,"gpiod":35424,"gpioe":5376,"modeltime":0,"type":"gpio"}
,[1.3.2020 | 14:6:39] {"client-id":"e444eaaa-848f-42a7-9d24-9a107c27f7b0","gpioa":0,"gpiob":0,"gpioc":32768,"gpiod":35424,"gpioe":5376,"modeltime":0,"type":"gpio"}
,[1.3.2020 | 14:6:39] {"client-id":"e444eaaa-848f-42a7-9d24-9a107c27f7b0","gpioa":0,"gpiob":0,"gpioc":0,"gpiod":35424,"gpioe":5376,"modeltime":0,"type":"gpio"}
,[1.3.2020 | 14:6:39] {"client-id":"e444eaaa-848f-42a7-9d24-9a107c27f7b0","gpioa":0,"gpiob":0,"gpioc":0,"gpiod":35424,"gpioe":5376,"modeltime":0,"type":"gpio"}
,[1.3.2020 | 14:6:40] {"client-id":"e444eaaa-848f-42a7-9d24-9a107c27f7b0","gpioa":0,"gpiob":0,"gpioc":0,"gpiod":35424,"gpioe":5376,"modeltime":0,"type":"gpio"}
,[1.3.2020 | 14:6:40] {"client-id":"e444eaaa-848f-42a7-9d24-9a107c27f7b0","gpioa":0,"gpiob":0,"gpioc":0,"gpiod":35424,"gpioe":5376,"modeltime":0,"type":"gpio"}
,[1.3.2020 | 14:6:40] {"client-id":"e444eaaa-848f-42a7-9d24-9a107c27f7b0","gpioa":0,"gpiob":0,"gpioc":0,"gpiod":35424,"gpioe":5376,"modeltime":0,"type":"gpio"}
,[1.3.2020 | 14:6:40] {"client-id":"e444eaaa-848f-42a7-9d24-9a107c27f7b0","gpioa":0,"gpiob":0,"gpioc":32768,"gpiod":9056,"gpioe":5376,"modeltime":0,"type":"gpio"}
,[1.3.2020 | 14:6:40] {"client-id":"e444eaaa-848f-42a7-9d24-9a107c27f7b0","gpioa":0,"gpiob":0,"gpioc":32768,"gpiod":9056,"gpioe":5376,"modeltime":0,"type":"gpio"}
,[1.3.2020 | 14:6:40] {"client-id":"e444eaaa-848f-42a7-9d24-9a107c27f7b0","gpioa":0,"gpiob":0,"gpioc":32768,"gpiod":9056,"gpioe":5376,"modeltime":0,"type":"gpio"}
,[1.3.2020 | 14:6:40] {"client-id":"e444eaaa-848f-42a7-9d24-9a107c27f7b0","gpioa":0,"gpiob":0,"gpioc":32768,"gpiod":9056,"gpioe":5376,"modeltime":0,"type":"gpio"}
,[1.3.2020 | 14:6:40] {"client-id":"e444eaaa-848f-42a7-9d24-9a107c27f7b0","gpioa":0,"gpiob":0,"gpioc":32768,"gpiod":9056,"gpioe":5376,"modeltime":0,"type":"gpio"}
,[1.3.2020 | 14:6:40] {"client-id":"e444eaaa-848f-42a7-9d24-9a107c27f7b0","gpioa":0,"gpiob":0,"gpioc":32768,"gpiod":9024,"gpioe":5376,"modeltime":0,"type":"gpio"}
,[1.3.2020 | 14:6:40] {"client-id":"e444eaaa-848f-42a7-9d24-9a107c27f7b0","gpioa":0,"gpiob":0,"gpioc":32768,"gpiod":9024,"gpioe":5376,"modeltime":0,"type":"gpio"}
,[1.3.2020 | 14:6:41] {"client-id":"e444eaaa-848f-42a7-9d24-9a107c27f7b0","gpioa":0,"gpiob":0,"gpioc":32768,"gpiod":9024,"gpioe":5376,"modeltime":0,"type":"gpio"}
,[1.3.2020 | 14:6:41] {"client-id":"e444eaaa-848f-42a7-9d24-9a107c27f7b0","gpioa":0,"gpiob":0,"gpioc":32768,"gpiod":9024,"gpioe":5376,"modeltime":0,"type":"gpio"}
,[1.3.2020 | 14:6:41] {"client-id":"e444eaaa-848f-42a7-9d24-9a107c27f7b0","gpioa":0,"gpiob":0,"gpioc":32768,"gpiod":9024,"gpioe":5376,"modeltime":0,"type":"gpio"}
,[1.3.2020 | 14:6:41] {"client-id":"e444eaaa-848f-42a7-9d24-9a107c27f7b0","gpioa":0,"gpiob":0,"gpioc":32768,"gpiod":11104,"gpioe":5376,"modeltime":0,"type":"gpio"}
,[1.3.2020 | 14:6:41] {"client-id":"e444eaaa-848f-42a7-9d24-9a107c27f7b0","gpioa":0,"gpiob":0,"gpioc":32768,"gpiod":11104,"gpioe":5376,"modeltime":0,"type":"gpio"}
,[1.3.2020 | 14:6:41] {"client-id":"e444eaaa-848f-42a7-9d24-9a107c27f7b0","gpioa":0,"gpiob":0,"gpioc":32768,"gpiod":11104,"gpioe":5376,"modeltime":0,"type":"gpio"}
,[1.3.2020 | 14:6:41] {"client-id":"e444eaaa-848f-42a7-9d24-9a107c27f7b0","gpioa":0,"gpiob":0,"gpioc":32768,"gpiod":11104,"gpioe":5376,"modeltime":0,"type":"gpio"}
,[1.3.2020 | 14:6:41] {"client-id":"e444eaaa-848f-42a7-9d24-9a107c27f7b0","gpioa":0,"gpiob":0,"gpioc":32768,"gpiod":11104,"gpioe":5376,"modeltime":0,"type":"gpio"}
,[1.3.2020 | 14:6:41] {"client-id":"e444eaaa-848f-42a7-9d24-9a107c27f7b0","gpioa":0,"gpiob":0,"gpioc":32768,"gpiod":14896,"gpioe":5376,"modeltime":0,"type":"gpio"}
,[1.3.2020 | 14:6:41] {"client-id":"e444eaaa-848f-42a7-9d24-9a107c27f7b0","gpioa":0,"gpiob":0,"gpioc":32768,"gpiod":14896,"gpioe":5376,"modeltime":0,"type":"gpio"}
,[1.3.2020 | 14:6:42] {"client-id":"e444eaaa-848f-42a7-9d24-9a107c27f7b0","gpioa":0,"gpiob":0,"gpioc":32768,"gpiod":14896,"gpioe":5376,"modeltime":0,"type":"gpio"}
,[1.3.2020 | 14:6:42] {"client-id":"e444eaaa-848f-42a7-9d24-9a107c27f7b0","gpioa":0,"gpiob":0,"gpioc":32768,"gpiod":14896,"gpioe":5376,"modeltime":0,"type":"gpio"}
,[1.3.2020 | 14:6:42] {"client-id":"e444eaaa-848f-42a7-9d24-9a107c27f7b0","gpioa":0,"gpiob":0,"gpioc":32768,"gpiod":14896,"gpioe":5376,"modeltime":0,"type":"gpio"}
,[1.3.2020 | 14:6:42] {"client-id":"e444eaaa-848f-42a7-9d24-9a107c27f7b0","gpioa":0,"gpiob":0,"gpioc":32768,"gpiod":11032,"gpioe":5376,"modeltime":0,"type":"gpio"}
,[1.3.2020 | 14:6:42] {"client-id":"e444eaaa-848f-42a7-9d24-9a107c27f7b0","gpioa":0,"gpiob":0,"gpioc":32768,"gpiod":11032,"gpioe":5376,"modeltime":0,"type":"gpio"}
,[1.3.2020 | 14:6:42] {"client-id":"e444eaaa-848f-42a7-9d24-9a107c27f7b0","gpioa":0,"gpiob":0,"gpioc":32768,"gpiod":11032,"gpioe":5376,"modeltime":0,"type":"gpio"}
,[1.3.2020 | 14:6:42] {"client-id":"e444eaaa-848f-42a7-9d24-9a107c27f7b0","gpioa":0,"gpiob":0,"gpioc":32768,"gpiod":11032,"gpioe":5376,"modeltime":0,"type":"gpio"}
,[1.3.2020 | 14:6:42] {"client-id":"e444eaaa-848f-42a7-9d24-9a107c27f7b0","gpioa":0,"gpiob":0,"gpioc":32768,"gpiod":11032,"gpioe":5376,"modeltime":0,"type":"gpio"}
,[1.3.2020 | 14:6:42] {"client-id":"e444eaaa-848f-42a7-9d24-9a107c27f7b0","gpioa":0,"gpiob":0,"gpioc":32768,"gpiod":9072,"gpioe":5376,"modeltime":0,"type":"gpio"}
,[1.3.2020 | 14:6:42] {"client-id":"e444eaaa-848f-42a7-9d24-9a107c27f7b0","gpioa":0,"gpiob":0,"gpioc":32768,"gpiod":9072,"gpioe":5376,"modeltime":0,"type":"gpio"}
,[1.3.2020 | 14:6:42] {"client-id":"e444eaaa-848f-42a7-9d24-9a107c27f7b0","gpioa":0,"gpiob":0,"gpioc":32768,"gpiod":9072,"gpioe":5376,"modeltime":0,"type":"gpio"}
,[1.3.2020 | 14:6:43] {"client-id":"e444eaaa-848f-42a7-9d24-9a107c27f7b0","gpioa":0,"gpiob":0,"gpioc":32768,"gpiod":9072,"gpioe":5376,"modeltime":0,"type":"gpio"}
,[1.3.2020 | 14:6:43] {"client-id":"e444eaaa-848f-42a7-9d24-9a107c27f7b0","gpioa":0,"gpiob":0,"gpioc":32768,"gpiod":9072,"gpioe":5376,"modeltime":0,"type":"gpio"}
,[1.3.2020 | 14:6:43] {"client-id":"e444eaaa-848f-42a7-9d24-9a107c27f7b0","gpioa":0,"gpiob":0,"gpioc":32768,"gpiod":8544,"gpioe":5376,"modeltime":0,"type":"gpio"}
,[1.3.2020 | 14:6:43] {"client-id":"e444eaaa-848f-42a7-9d24-9a107c27f7b0","gpioa":0,"gpiob":0,"gpioc":32768,"gpiod":8544,"gpioe":5376,"modeltime":0,"type":"gpio"}
,[1.3.2020 | 14:6:43] {"client-id":"e444eaaa-848f-42a7-9d24-9a107c27f7b0","gpioa":0,"gpiob":0,"gpioc":32768,"gpiod":8544,"gpioe":5376,"modeltime":0,"type":"gpio"}
,[1.3.2020 | 14:6:43] {"client-id":"e444eaaa-848f-42a7-9d24-9a107c27f7b0","gpioa":0,"gpiob":0,"gpioc":32768,"gpiod":8544,"gpioe":5376,"modeltime":0,"type":"gpio"}
,[1.3.2020 | 14:6:43] {"client-id":"e444eaaa-848f-42a7-9d24-9a107c27f7b0","gpioa":0,"gpiob":0,"gpioc":32768,"gpiod":8544,"gpioe":5376,"modeltime":0,"type":"gpio"}
,[1.3.2020 | 14:6:43] {"client-id":"e444eaaa-848f-42a7-9d24-9a107c27f7b0","gpioa":0,"gpiob":0,"gpioc":32768,"gpiod":8560,"gpioe":5376,"modeltime":0,"type":"gpio"}
,[1.3.2020 | 14:6:43] {"client-id":"e444eaaa-848f-42a7-9d24-9a107c27f7b0","gpioa":0,"gpiob":0,"gpioc":32768,"gpiod":8560,"gpioe":5376,"modeltime":0,"type":"gpio"}
,[1.3.2020 | 14:6:44] {"client-id":"e444eaaa-848f-42a7-9d24-9a107c27f7b0","gpioa":0,"gpiob":0,"gpioc":32768,"gpiod":8560,"gpioe":5376,"modeltime":0,"type":"gpio"}
,[1.3.2020 | 14:6:44] {"client-id":"e444eaaa-848f-42a7-9d24-9a107c27f7b0","gpioa":0,"gpiob":0,"gpioc":32768,"gpiod":8560,"gpioe":5376,"modeltime":0,"type":"gpio"}
,[1.3.2020 | 14:6:44] {"client-id":"e444eaaa-848f-42a7-9d24-9a107c27f7b0","gpioa":0,"gpiob":0,"gpioc":32768,"gpiod":8560,"gpioe":5376,"modeltime":0,"type":"gpio"}
,[1.3.2020 | 14:6:44] {"client-id":"e444eaaa-848f-42a7-9d24-9a107c27f7b0","gpioa":0,"gpiob":0,"gpioc":32768,"gpiod":8960,"gpioe":5376,"modeltime":0,"type":"gpio"}
,[1.3.2020 | 14:6:44] {"client-id":"e444eaaa-848f-42a7-9d24-9a107c27f7b0","gpioa":0,"gpiob":0,"gpioc":32768,"gpiod":8960,"gpioe":5376,"modeltime":0,"type":"gpio"}
,[1.3.2020 | 14:6:44] {"client-id":"e444eaaa-848f-42a7-9d24-9a107c27f7b0","gpioa":0,"gpiob":0,"gpioc":32768,"gpiod":8960,"gpioe":5376,"modeltime":0,"type":"gpio"}
,[1.3.2020 | 14:6:44] {"client-id":"e444eaaa-848f-42a7-9d24-9a107c27f7b0","gpioa":0,"gpiob":0,"gpioc":32768,"gpiod":8960,"gpioe":5376,"modeltime":0,"type":"gpio"}
,[1.3.2020 | 14:6:44] {"client-id":"e444eaaa-848f-42a7-9d24-9a107c27f7b0","gpioa":0,"gpiob":0,"gpioc":32768,"gpiod":8960,"gpioe":5376,"modeltime":0,"type":"gpio"}
,[1.3.2020 | 14:6:44] {"client-id":"e444eaaa-848f-42a7-9d24-9a107c27f7b0","gpioa":0,"gpiob":0,"gpioc":32768,"gpiod":10752,"gpioe":5376,"modeltime":0,"type":"gpio"}
,[1.3.2020 | 14:6:44] {"client-id":"e444eaaa-848f-42a7-9d24-9a107c27f7b0","gpioa":0,"gpiob":0,"gpioc":32768,"gpiod":10752,"gpioe":5376,"modeltime":0,"type":"gpio"}
,[1.3.2020 | 14:6:45] {"client-id":"e444eaaa-848f-42a7-9d24-9a107c27f7b0","gpioa":0,"gpiob":0,"gpioc":32768,"gpiod":10752,"gpioe":5376,"modeltime":0,"type":"gpio"}
,[1.3.2020 | 14:6:45] {"client-id":"e444eaaa-848f-42a7-9d24-9a107c27f7b0","gpioa":0,"gpiob":0,"gpioc":32768,"gpiod":10752,"gpioe":5376,"modeltime":0,"type":"gpio"}
,[1.3.2020 | 14:6:45] {"client-id":"e444eaaa-848f-42a7-9d24-9a107c27f7b0","gpioa":0,"gpiob":0,"gpioc":32768,"gpiod":10752,"gpioe":5376,"modeltime":0,"type":"gpio"}
,[1.3.2020 | 14:6:45] {"client-id":"e444eaaa-848f-42a7-9d24-9a107c27f7b0","gpioa":0,"gpiob":0,"gpioc":32768,"gpiod":16496,"gpioe":5376,"modeltime":0,"type":"gpio"}
,[1.3.2020 | 14:6:45] {"client-id":"e444eaaa-848f-42a7-9d24-9a107c27f7b0","gpioa":0,"gpiob":0,"gpioc":32768,"gpiod":16496,"gpioe":5376,"modeltime":0,"type":"gpio"}
,[1.3.2020 | 14:6:45] {"client-id":"e444eaaa-848f-42a7-9d24-9a107c27f7b0","gpioa":0,"gpiob":0,"gpioc":32768,"gpiod":16496,"gpioe":5376,"modeltime":0,"type":"gpio"}
,[1.3.2020 | 14:6:45] {"client-id":"e444eaaa-848f-42a7-9d24-9a107c27f7b0","gpioa":0,"gpiob":0,"gpioc":32768,"gpiod":16496,"gpioe":5376,"modeltime":0,"type":"gpio"}
,[1.3.2020 | 14:6:45] {"client-id":"e444eaaa-848f-42a7-9d24-9a107c27f7b0","gpioa":0,"gpiob":0,"gpioc":32768,"gpiod":16496,"gpioe":5376,"modeltime":0,"type":"gpio"}
,[1.3.2020 | 14:6:45] {"client-id":"e444eaaa-848f-42a7-9d24-9a107c27f7b0","gpioa":0,"gpiob":0,"gpioc":32768,"gpiod":16496,"gpioe":5376,"modeltime":0,"type":"gpio"}
,[1.3.2020 | 14:6:45] {"client-id":"e444eaaa-848f-42a7-9d24-9a107c27f7b0","gpioa":0,"gpiob":0,"gpioc":32768,"gpiod":16496,"gpioe":5376,"modeltime":0,"type":"gpio"}
,[1.3.2020 | 14:6:46] {"client-id":"e444eaaa-848f-42a7-9d24-9a107c27f7b0","gpioa":0,"gpiob":0,"gpioc":32768,"gpiod":16496,"gpioe":5376,"modeltime":0,"type":"gpio"}
,[1.3.2020 | 14:6:46] {"client-id":"e444eaaa-848f-42a7-9d24-9a107c27f7b0","gpioa":0,"gpiob":0,"gpioc":32768,"gpiod":16496,"gpioe":5376,"modeltime":0,"type":"gpio"}
,[1.3.2020 | 14:6:46] {"client-id":"e444eaaa-848f-42a7-9d24-9a107c27f7b0","gpioa":0,"gpiob":0,"gpioc":32768,"gpiod":16496,"gpioe":5376,"modeltime":0,"type":"gpio"}
,[1.3.2020 | 14:6:46] {"client-id":"e444eaaa-848f-42a7-9d24-9a107c27f7b0","gpioa":0,"gpiob":0,"gpioc":32768,"gpiod":16496,"gpioe":5376,"modeltime":0,"type":"gpio"}
,[1.3.2020 | 14:6:46] {"client-id":"e444eaaa-848f-42a7-9d24-9a107c27f7b0","gpioa":0,"gpiob":0,"gpioc":32768,"gpiod":16496,"gpioe":5376,"modeltime":0,"type":"gpio"}
,[1.3.2020 | 14:6:46] {"client-id":"e444eaaa-848f-42a7-9d24-9a107c27f7b0","gpioa":0,"gpiob":0,"gpioc":32768,"gpiod":16496,"gpioe":5376,"modeltime":0,"type":"gpio"}
,[1.3.2020 | 14:6:46] {"client-id":"e444eaaa-848f-42a7-9d24-9a107c27f7b0","gpioa":0,"gpiob":0,"gpioc":32768,"gpiod":16496,"gpioe":5376,"modeltime":0,"type":"gpio"}
,[1.3.2020 | 14:6:46] {"client-id":"e444eaaa-848f-42a7-9d24-9a107c27f7b0","gpioa":0,"gpiob":0,"gpioc":32768,"gpiod":16496,"gpioe":5376,"modeltime":0,"type":"gpio"}
,[1.3.2020 | 14:6:46] {"client-id":"e444eaaa-848f-42a7-9d24-9a107c27f7b0","gpioa":0,"gpiob":0,"gpioc":32768,"gpiod":16496,"gpioe":5376,"modeltime":0,"type":"gpio"}
,[1.3.2020 | 14:6:46] {"client-id":"e444eaaa-848f-42a7-9d24-9a107c27f7b0","gpioa":0,"gpiob":0,"gpioc":32768,"gpiod":16496,"gpioe":5376,"modeltime":0,"type":"gpio"}
,[1.3.2020 | 14:6:46] {"client-id":"e444eaaa-848f-42a7-9d24-9a107c27f7b0","gpioa":0,"gpiob":0,"gpioc":32768,"gpiod":16496,"gpioe":5376,"modeltime":0,"type":"gpio"}
,[1.3.2020 | 14:6:47] {"client-id":"e444eaaa-848f-42a7-9d24-9a107c27f7b0","gpioa":0,"gpiob":0,"gpioc":32768,"gpiod":16496,"gpioe":5376,"modeltime":0,"type":"gpio"}
,[1.3.2020 | 14:6:47] {"client-id":"e444eaaa-848f-42a7-9d24-9a107c27f7b0","gpioa":0,"gpiob":0,"gpioc":32768,"gpiod":16496,"gpioe":5376,"modeltime":0,"type":"gpio"}
,[1.3.2020 | 14:6:47] {"client-id":"e444eaaa-848f-42a7-9d24-9a107c27f7b0","gpioa":0,"gpiob":0,"gpioc":32768,"gpiod":16496,"gpioe":5376,"modeltime":0,"type":"gpio"}
,[1.3.2020 | 14:6:47] {"client-id":"e444eaaa-848f-42a7-9d24-9a107c27f7b0","gpioa":0,"gpiob":0,"gpioc":32768,"gpiod":16496,"gpioe":5376,"modeltime":0,"type":"gpio"}
,[1.3.2020 | 14:6:47] {"client-id":"e444eaaa-848f-42a7-9d24-9a107c27f7b0","gpioa":0,"gpiob":0,"gpioc":32768,"gpiod":16496,"gpioe":5376,"modeltime":0,"type":"gpio"}
,[1.3.2020 | 14:6:47] {"client-id":"e444eaaa-848f-42a7-9d24-9a107c27f7b0","gpioa":0,"gpiob":0,"gpioc":32768,"gpiod":16496,"gpioe":5376,"modeltime":0,"type":"gpio"}
,[1.3.2020 | 14:6:47] {"client-id":"e444eaaa-848f-42a7-9d24-9a107c27f7b0","gpioa":0,"gpiob":0,"gpioc":32768,"gpiod":16496,"gpioe":5376,"modeltime":0,"type":"gpio"}
,[1.3.2020 | 14:6:47] {"client-id":"e444eaaa-848f-42a7-9d24-9a107c27f7b0","gpioa":0,"gpiob":0,"gpioc":32768,"gpiod":16496,"gpioe":5376,"modeltime":0,"type":"gpio"}
,[1.3.2020 | 14:6:47] {"client-id":"e444eaaa-848f-42a7-9d24-9a107c27f7b0","gpioa":0,"gpiob":0,"gpioc":32768,"gpiod":16496,"gpioe":5376,"modeltime":0,"type":"gpio"}
,[1.3.2020 | 14:6:47] {"client-id":"e444eaaa-848f-42a7-9d24-9a107c27f7b0","gpioa":0,"gpiob":0,"gpioc":32768,"gpiod":16496,"gpioe":5376,"modeltime":0,"type":"gpio"}
,[1.3.2020 | 14:6:48] {"client-id":"e444eaaa-848f-42a7-9d24-9a107c27f7b0","gpioa":0,"gpiob":0,"gpioc":32768,"gpiod":16496,"gpioe":5376,"modeltime":0,"type":"gpio"}
,[1.3.2020 | 14:6:48] {"client-id":"e444eaaa-848f-42a7-9d24-9a107c27f7b0","gpioa":0,"gpiob":0,"gpioc":32768,"gpiod":16496,"gpioe":5376,"modeltime":0,"type":"gpio"}
,[1.3.2020 | 14:6:48] {"client-id":"e444eaaa-848f-42a7-9d24-9a107c27f7b0","gpioa":0,"gpiob":0,"gpioc":32768,"gpiod":16496,"gpioe":5376,"modeltime":0,"type":"gpio"}
,[1.3.2020 | 14:6:48] {"client-id":"e444eaaa-848f-42a7-9d24-9a107c27f7b0","gpioa":0,"gpiob":0,"gpioc":32768,"gpiod":16496,"gpioe":5376,"modeltime":0,"type":"gpio"}
,[1.3.2020 | 14:6:48] {"client-id":"e444eaaa-848f-42a7-9d24-9a107c27f7b0","gpioa":0,"gpiob":0,"gpioc":32768,"gpiod":16496,"gpioe":5376,"modeltime":0,"type":"gpio"}
,[1.3.2020 | 14:6:48] {"client-id":"e444eaaa-848f-42a7-9d24-9a107c27f7b0","gpioa":0,"gpiob":0,"gpioc":32768,"gpiod":16432,"gpioe":1280,"modeltime":0,"type":"gpio"}
,[1.3.2020 | 14:6:48] {"client-id":"e444eaaa-848f-42a7-9d24-9a107c27f7b0","gpioa":0,"gpiob":0,"gpioc":32768,"gpiod":16432,"gpioe":1280,"modeltime":0,"type":"gpio"}
,[1.3.2020 | 14:6:48] {"client-id":"e444eaaa-848f-42a7-9d24-9a107c27f7b0","gpioa":0,"gpiob":0,"gpioc":32768,"gpiod":16432,"gpioe":1280,"modeltime":0,"type":"gpio"}
,[1.3.2020 | 14:6:48] {"client-id":"e444eaaa-848f-42a7-9d24-9a107c27f7b0","gpioa":0,"gpiob":0,"gpioc":32768,"gpiod":16432,"gpioe":1280,"modeltime":0,"type":"gpio"}
,[1.3.2020 | 14:6:48] {"client-id":"e444eaaa-848f-42a7-9d24-9a107c27f7b0","gpioa":0,"gpiob":0,"gpioc":32768,"gpiod":16432,"gpioe":1280,"modeltime":0,"type":"gpio"}
,[1.3.2020 | 14:6:49] {"client-id":"e444eaaa-848f-42a7-9d24-9a107c27f7b0","gpioa":0,"gpiob":0,"gpioc":32768,"gpiod":16432,"gpioe":1280,"modeltime":0,"type":"gpio"}
,[1.3.2020 | 14:6:49] {"client-id":"e444eaaa-848f-42a7-9d24-9a107c27f7b0","gpioa":0,"gpiob":0,"gpioc":32768,"gpiod":16432,"gpioe":1280,"modeltime":0,"type":"gpio"}
,[1.3.2020 | 14:6:49] {"client-id":"e444eaaa-848f-42a7-9d24-9a107c27f7b0","gpioa":0,"gpiob":0,"gpioc":32768,"gpiod":16432,"gpioe":1280,"modeltime":0,"type":"gpio"}
,[1.3.2020 | 14:6:49] {"client-id":"e444eaaa-848f-42a7-9d24-9a107c27f7b0","gpioa":0,"gpiob":0,"gpioc":32768,"gpiod":16432,"gpioe":1280,"modeltime":0,"type":"gpio"}
,[1.3.2020 | 14:6:49] {"client-id":"e444eaaa-848f-42a7-9d24-9a107c27f7b0","gpioa":0,"gpiob":0,"gpioc":32768,"gpiod":16432,"gpioe":1280,"modeltime":0,"type":"gpio"}
,[1.3.2020 | 14:6:49] {"client-id":"e444eaaa-848f-42a7-9d24-9a107c27f7b0","gpioa":0,"gpiob":0,"gpioc":32768,"gpiod":16432,"gpioe":1280,"modeltime":0,"type":"gpio"}
,[1.3.2020 | 14:6:49] {"client-id":"e444eaaa-848f-42a7-9d24-9a107c27f7b0","gpioa":0,"gpiob":0,"gpioc":32768,"gpiod":9024,"gpioe":256,"modeltime":0,"type":"gpio"}
,[1.3.2020 | 14:6:49] {"client-id":"e444eaaa-848f-42a7-9d24-9a107c27f7b0","gpioa":0,"gpiob":0,"gpioc":32768,"gpiod":11104,"gpioe":256,"modeltime":0,"type":"gpio"}
,[1.3.2020 | 14:6:49] {"client-id":"e444eaaa-848f-42a7-9d24-9a107c27f7b0","gpioa":0,"gpiob":0,"gpioc":32768,"gpiod":11104,"gpioe":256,"modeltime":0,"type":"gpio"}
,[1.3.2020 | 14:6:50] {"client-id":"e444eaaa-848f-42a7-9d24-9a107c27f7b0","gpioa":0,"gpiob":0,"gpioc":32768,"gpiod":11104,"gpioe":256,"modeltime":0,"type":"gpio"}
,[1.3.2020 | 14:6:50] {"client-id":"e444eaaa-848f-42a7-9d24-9a107c27f7b0","gpioa":0,"gpiob":0,"gpioc":32768,"gpiod":11104,"gpioe":256,"modeltime":0,"type":"gpio"}
,[1.3.2020 | 14:6:50] {"client-id":"e444eaaa-848f-42a7-9d24-9a107c27f7b0","gpioa":0,"gpiob":0,"gpioc":32768,"gpiod":11104,"gpioe":256,"modeltime":0,"type":"gpio"}
,[1.3.2020 | 14:6:50] {"client-id":"e444eaaa-848f-42a7-9d24-9a107c27f7b0","gpioa":0,"gpiob":0,"gpioc":32768,"gpiod":14896,"gpioe":256,"modeltime":0,"type":"gpio"}
,[1.3.2020 | 14:6:50] {"client-id":"e444eaaa-848f-42a7-9d24-9a107c27f7b0","gpioa":0,"gpiob":0,"gpioc":32768,"gpiod":14896,"gpioe":256,"modeltime":0,"type":"gpio"}
,[1.3.2020 | 14:6:50] {"client-id":"e444eaaa-848f-42a7-9d24-9a107c27f7b0","gpioa":0,"gpiob":0,"gpioc":32768,"gpiod":14896,"gpioe":256,"modeltime":0,"type":"gpio"}
,[1.3.2020 | 14:6:50] {"client-id":"e444eaaa-848f-42a7-9d24-9a107c27f7b0","gpioa":0,"gpiob":0,"gpioc":32768,"gpiod":14896,"gpioe":256,"modeltime":0,"type":"gpio"}
,[1.3.2020 | 14:6:50] {"client-id":"e444eaaa-848f-42a7-9d24-9a107c27f7b0","gpioa":0,"gpiob":0,"gpioc":32768,"gpiod":14896,"gpioe":256,"modeltime":0,"type":"gpio"}
,[1.3.2020 | 14:6:50] {"client-id":"e444eaaa-848f-42a7-9d24-9a107c27f7b0","gpioa":0,"gpiob":0,"gpioc":32768,"gpiod":11032,"gpioe":256,"modeltime":0,"type":"gpio"}
,[1.3.2020 | 14:6:50] {"client-id":"e444eaaa-848f-42a7-9d24-9a107c27f7b0","gpioa":0,"gpiob":0,"gpioc":32768,"gpiod":11032,"gpioe":256,"modeltime":0,"type":"gpio"}
,[1.3.2020 | 14:6:50] {"client-id":"e444eaaa-848f-42a7-9d24-9a107c27f7b0","gpioa":0,"gpiob":0,"gpioc":32768,"gpiod":11032,"gpioe":256,"modeltime":0,"type":"gpio"}
,[1.3.2020 | 14:6:51] {"client-id":"e444eaaa-848f-42a7-9d24-9a107c27f7b0","gpioa":0,"gpiob":0,"gpioc":32768,"gpiod":11032,"gpioe":256,"modeltime":0,"type":"gpio"}
,[1.3.2020 | 14:6:51] {"client-id":"e444eaaa-848f-42a7-9d24-9a107c27f7b0","gpioa":0,"gpiob":0,"gpioc":32768,"gpiod":11032,"gpioe":256,"modeltime":0,"type":"gpio"}
,[1.3.2020 | 14:6:51] {"client-id":"e444eaaa-848f-42a7-9d24-9a107c27f7b0","gpioa":0,"gpiob":0,"gpioc":32768,"gpiod":9072,"gpioe":256,"modeltime":0,"type":"gpio"}
,[1.3.2020 | 14:6:51] {"client-id":"e444eaaa-848f-42a7-9d24-9a107c27f7b0","gpioa":0,"gpiob":0,"gpioc":32768,"gpiod":9072,"gpioe":256,"modeltime":0,"type":"gpio"}
,[1.3.2020 | 14:6:51] {"client-id":"e444eaaa-848f-42a7-9d24-9a107c27f7b0","gpioa":0,"gpiob":0,"gpioc":32768,"gpiod":9072,"gpioe":256,"modeltime":0,"type":"gpio"}
,[1.3.2020 | 14:6:51] {"client-id":"e444eaaa-848f-42a7-9d24-9a107c27f7b0","gpioa":0,"gpiob":0,"gpioc":32768,"gpiod":9072,"gpioe":256,"modeltime":0,"type":"gpio"}
,[1.3.2020 | 14:6:51] {"client-id":"e444eaaa-848f-42a7-9d24-9a107c27f7b0","gpioa":0,"gpiob":0,"gpioc":32768,"gpiod":9072,"gpioe":256,"modeltime":0,"type":"gpio"}
,[1.3.2020 | 14:6:51] {"client-id":"e444eaaa-848f-42a7-9d24-9a107c27f7b0","gpioa":0,"gpiob":0,"gpioc":32768,"gpiod":8544,"gpioe":256,"modeltime":0,"type":"gpio"}
,[1.3.2020 | 14:6:51] {"client-id":"e444eaaa-848f-42a7-9d24-9a107c27f7b0","gpioa":0,"gpiob":0,"gpioc":32768,"gpiod":8544,"gpioe":256,"modeltime":0,"type":"gpio"}
,[1.3.2020 | 14:6:51] {"client-id":"e444eaaa-848f-42a7-9d24-9a107c27f7b0","gpioa":0,"gpiob":0,"gpioc":32768,"gpiod":8544,"gpioe":256,"modeltime":0,"type":"gpio"}
,[1.3.2020 | 14:6:52] {"client-id":"e444eaaa-848f-42a7-9d24-9a107c27f7b0","gpioa":0,"gpiob":0,"gpioc":32768,"gpiod":8544,"gpioe":256,"modeltime":0,"type":"gpio"}
,[1.3.2020 | 14:6:52] {"client-id":"e444eaaa-848f-42a7-9d24-9a107c27f7b0","gpioa":0,"gpiob":0,"gpioc":32768,"gpiod":8544,"gpioe":256,"modeltime":0,"type":"gpio"}
,[1.3.2020 | 14:6:52] {"client-id":"e444eaaa-848f-42a7-9d24-9a107c27f7b0","gpioa":0,"gpiob":0,"gpioc":32768,"gpiod":8560,"gpioe":1280,"modeltime":0,"type":"gpio"}
,[1.3.2020 | 14:6:52] {"client-id":"e444eaaa-848f-42a7-9d24-9a107c27f7b0","gpioa":0,"gpiob":0,"gpioc":32768,"gpiod":8560,"gpioe":1280,"modeltime":0,"type":"gpio"}
,[1.3.2020 | 14:6:52] {"client-id":"e444eaaa-848f-42a7-9d24-9a107c27f7b0","gpioa":0,"gpiob":0,"gpioc":32768,"gpiod":8560,"gpioe":1280,"modeltime":0,"type":"gpio"}
,[1.3.2020 | 14:6:52] {"client-id":"e444eaaa-848f-42a7-9d24-9a107c27f7b0","gpioa":0,"gpiob":0,"gpioc":32768,"gpiod":8560,"gpioe":1280,"modeltime":0,"type":"gpio"}
,[1.3.2020 | 14:6:52] {"client-id":"e444eaaa-848f-42a7-9d24-9a107c27f7b0","gpioa":0,"gpiob":0,"gpioc":32768,"gpiod":8560,"gpioe":1280,"modeltime":0,"type":"gpio"}
,[1.3.2020 | 14:6:52] {"client-id":"e444eaaa-848f-42a7-9d24-9a107c27f7b0","gpioa":0,"gpiob":0,"gpioc":32768,"gpiod":8960,"gpioe":1280,"modeltime":0,"type":"gpio"}
,[1.3.2020 | 14:6:52] {"client-id":"e444eaaa-848f-42a7-9d24-9a107c27f7b0","gpioa":0,"gpiob":0,"gpioc":32768,"gpiod":8960,"gpioe":1280,"modeltime":0,"type":"gpio"}
,[1.3.2020 | 14:6:53] {"client-id":"e444eaaa-848f-42a7-9d24-9a107c27f7b0","gpioa":0,"gpiob":0,"gpioc":32768,"gpiod":8960,"gpioe":1280,"modeltime":0,"type":"gpio"}
,[1.3.2020 | 14:6:53] {"client-id":"e444eaaa-848f-42a7-9d24-9a107c27f7b0","gpioa":0,"gpiob":0,"gpioc":32768,"gpiod":8960,"gpioe":1280,"modeltime":0,"type":"gpio"}
,[1.3.2020 | 14:6:53] {"client-id":"e444eaaa-848f-42a7-9d24-9a107c27f7b0","gpioa":0,"gpiob":0,"gpioc":32768,"gpiod":8960,"gpioe":1280,"modeltime":0,"type":"gpio"}
,[1.3.2020 | 14:6:53] {"client-id":"e444eaaa-848f-42a7-9d24-9a107c27f7b0","gpioa":0,"gpiob":0,"gpioc":32768,"gpiod":10752,"gpioe":1280,"modeltime":0,"type":"gpio"}
,[1.3.2020 | 14:6:53] {"client-id":"e444eaaa-848f-42a7-9d24-9a107c27f7b0","gpioa":0,"gpiob":0,"gpioc":32768,"gpiod":10752,"gpioe":1280,"modeltime":0,"type":"gpio"}
,[1.3.2020 | 14:6:53] {"client-id":"e444eaaa-848f-42a7-9d24-9a107c27f7b0","gpioa":0,"gpiob":0,"gpioc":32768,"gpiod":10752,"gpioe":1280,"modeltime":0,"type":"gpio"}
,[1.3.2020 | 14:6:53] {"client-id":"e444eaaa-848f-42a7-9d24-9a107c27f7b0","gpioa":0,"gpiob":0,"gpioc":32768,"gpiod":10752,"gpioe":1280,"modeltime":0,"type":"gpio"}
,[1.3.2020 | 14:6:53] {"client-id":"e444eaaa-848f-42a7-9d24-9a107c27f7b0","gpioa":0,"gpiob":0,"gpioc":32768,"gpiod":10752,"gpioe":1280,"modeltime":0,"type":"gpio"}
,[1.3.2020 | 14:6:53] {"client-id":"e444eaaa-848f-42a7-9d24-9a107c27f7b0","gpioa":0,"gpiob":0,"gpioc":32768,"gpiod":16432,"gpioe":1280,"modeltime":0,"type":"gpio"}
,[1.3.2020 | 14:6:53] {"client-id":"e444eaaa-848f-42a7-9d24-9a107c27f7b0","gpioa":0,"gpiob":0,"gpioc":32768,"gpiod":16432,"gpioe":1280,"modeltime":0,"type":"gpio"}
,[1.3.2020 | 14:6:53] {"client-id":"e444eaaa-848f-42a7-9d24-9a107c27f7b0","gpioa":0,"gpiob":0,"gpioc":32768,"gpiod":16432,"gpioe":1280,"modeltime":0,"type":"gpio"}
,[1.3.2020 | 14:6:54] {"client-id":"e444eaaa-848f-42a7-9d24-9a107c27f7b0","gpioa":0,"gpiob":0,"gpioc":32768,"gpiod":16432,"gpioe":1280,"modeltime":0,"type":"gpio"}
,[1.3.2020 | 14:6:54] {"client-id":"e444eaaa-848f-42a7-9d24-9a107c27f7b0","gpioa":0,"gpiob":0,"gpioc":32768,"gpiod":16432,"gpioe":1280,"modeltime":0,"type":"gpio"}
,[1.3.2020 | 14:6:54] {"client-id":"e444eaaa-848f-42a7-9d24-9a107c27f7b0","gpioa":0,"gpiob":0,"gpioc":32768,"gpiod":16432,"gpioe":1280,"modeltime":0,"type":"gpio"}
,[1.3.2020 | 14:6:54] {"client-id":"e444eaaa-848f-42a7-9d24-9a107c27f7b0","gpioa":0,"gpiob":0,"gpioc":32768,"gpiod":16432,"gpioe":1280,"modeltime":0,"type":"gpio"}
,[1.3.2020 | 14:6:54] {"client-id":"e444eaaa-848f-42a7-9d24-9a107c27f7b0","gpioa":0,"gpiob":0,"gpioc":32768,"gpiod":16432,"gpioe":1280,"modeltime":0,"type":"gpio"}
,[1.3.2020 | 14:6:54] {"client-id":"e444eaaa-848f-42a7-9d24-9a107c27f7b0","gpioa":0,"gpiob":0,"gpioc":32768,"gpiod":16432,"gpioe":1280,"modeltime":0,"type":"gpio"}
,[1.3.2020 | 14:6:54] {"client-id":"e444eaaa-848f-42a7-9d24-9a107c27f7b0","gpioa":0,"gpiob":0,"gpioc":32768,"gpiod":16432,"gpioe":1280,"modeltime":0,"type":"gpio"}
,[1.3.2020 | 14:6:54] {"client-id":"e444eaaa-848f-42a7-9d24-9a107c27f7b0","gpioa":0,"gpiob":0,"gpioc":32768,"gpiod":16432,"gpioe":1280,"modeltime":0,"type":"gpio"}
,[1.3.2020 | 14:6:54] {"client-id":"e444eaaa-848f-42a7-9d24-9a107c27f7b0","gpioa":0,"gpiob":0,"gpioc":32768,"gpiod":16432,"gpioe":1280,"modeltime":0,"type":"gpio"}
,[1.3.2020 | 14:6:55] {"client-id":"e444eaaa-848f-42a7-9d24-9a107c27f7b0","gpioa":0,"gpiob":0,"gpioc":32768,"gpiod":16432,"gpioe":1280,"modeltime":0,"type":"gpio"}
,[1.3.2020 | 14:6:55] {"client-id":"e444eaaa-848f-42a7-9d24-9a107c27f7b0","gpioa":0,"gpiob":0,"gpioc":32768,"gpiod":16432,"gpioe":1280,"modeltime":0,"type":"gpio"}
,[1.3.2020 | 14:6:55] {"client-id":"e444eaaa-848f-42a7-9d24-9a107c27f7b0","gpioa":0,"gpiob":0,"gpioc":32768,"gpiod":16432,"gpioe":1280,"modeltime":0,"type":"gpio"}
,[1.3.2020 | 14:6:55] {"client-id":"e444eaaa-848f-42a7-9d24-9a107c27f7b0","gpioa":0,"gpiob":0,"gpioc":32768,"gpiod":16432,"gpioe":1280,"modeltime":0,"type":"gpio"}
,[1.3.2020 | 14:6:55] {"client-id":"e444eaaa-848f-42a7-9d24-9a107c27f7b0","gpioa":0,"gpiob":0,"gpioc":32768,"gpiod":16432,"gpioe":1280,"modeltime":0,"type":"gpio"}
,[1.3.2020 | 14:6:55] {"client-id":"e444eaaa-848f-42a7-9d24-9a107c27f7b0","gpioa":0,"gpiob":0,"gpioc":32768,"gpiod":16432,"gpioe":1280,"modeltime":0,"type":"gpio"}
,[1.3.2020 | 14:6:55] {"client-id":"e444eaaa-848f-42a7-9d24-9a107c27f7b0","gpioa":0,"gpiob":0,"gpioc":32768,"gpiod":16432,"gpioe":1280,"modeltime":0,"type":"gpio"}
,[1.3.2020 | 14:6:55] {"client-id":"e444eaaa-848f-42a7-9d24-9a107c27f7b0","gpioa":0,"gpiob":0,"gpioc":32768,"gpiod":16432,"gpioe":1280,"modeltime":0,"type":"gpio"}
,[1.3.2020 | 14:6:55] {"client-id":"e444eaaa-848f-42a7-9d24-9a107c27f7b0","gpioa":0,"gpiob":0,"gpioc":32768,"gpiod":16432,"gpioe":1280,"modeltime":0,"type":"gpio"}
,[1.3.2020 | 14:6:55] {"client-id":"e444eaaa-848f-42a7-9d24-9a107c27f7b0","gpioa":0,"gpiob":0,"gpioc":32768,"gpiod":16432,"gpioe":1280,"modeltime":0,"type":"gpio"}
,[1.3.2020 | 14:6:56] {"client-id":"e444eaaa-848f-42a7-9d24-9a107c27f7b0","gpioa":0,"gpiob":0,"gpioc":32768,"gpiod":16432,"gpioe":1280,"modeltime":0,"type":"gpio"}
,[1.3.2020 | 14:6:56] {"client-id":"e444eaaa-848f-42a7-9d24-9a107c27f7b0","gpioa":0,"gpiob":0,"gpioc":32768,"gpiod":16496,"gpioe":5376,"modeltime":0,"type":"gpio"}
,[1.3.2020 | 14:6:56] {"client-id":"e444eaaa-848f-42a7-9d24-9a107c27f7b0","gpioa":0,"gpiob":0,"gpioc":32768,"gpiod":16496,"gpioe":5376,"modeltime":0,"type":"gpio"}
,[1.3.2020 | 14:6:56] {"client-id":"e444eaaa-848f-42a7-9d24-9a107c27f7b0","gpioa":0,"gpiob":0,"gpioc":32768,"gpiod":16496,"gpioe":5376,"modeltime":0,"type":"gpio"}
,[1.3.2020 | 14:6:56] {"client-id":"e444eaaa-848f-42a7-9d24-9a107c27f7b0","gpioa":0,"gpiob":0,"gpioc":32768,"gpiod":16496,"gpioe":5376,"modeltime":0,"type":"gpio"}
,[1.3.2020 | 14:6:56] {"client-id":"e444eaaa-848f-42a7-9d24-9a107c27f7b0","gpioa":0,"gpiob":0,"gpioc":32768,"gpiod":16496,"gpioe":5376,"modeltime":0,"type":"gpio"}
,[1.3.2020 | 14:6:56] {"client-id":"e444eaaa-848f-42a7-9d24-9a107c27f7b0","gpioa":0,"gpiob":0,"gpioc":32768,"gpiod":16496,"gpioe":5376,"modeltime":0,"type":"gpio"}
,[1.3.2020 | 14:6:56] {"client-id":"e444eaaa-848f-42a7-9d24-9a107c27f7b0","gpioa":0,"gpiob":0,"gpioc":32768,"gpiod":16496,"gpioe":5376,"modeltime":0,"type":"gpio"}
,[1.3.2020 | 14:6:56] {"client-id":"e444eaaa-848f-42a7-9d24-9a107c27f7b0","gpioa":0,"gpiob":0,"gpioc":32768,"gpiod":16496,"gpioe":5376,"modeltime":0,"type":"gpio"}
,[1.3.2020 | 14:6:56] {"client-id":"e444eaaa-848f-42a7-9d24-9a107c27f7b0","gpioa":0,"gpiob":0,"gpioc":32768,"gpiod":16496,"gpioe":5376,"modeltime":0,"type":"gpio"}
,[1.3.2020 | 14:6:56] {"client-id":"e444eaaa-848f-42a7-9d24-9a107c27f7b0","gpioa":0,"gpiob":0,"gpioc":32768,"gpiod":16496,"gpioe":5376,"modeltime":0,"type":"gpio"}
,[1.3.2020 | 14:6:57] {"client-id":"e444eaaa-848f-42a7-9d24-9a107c27f7b0","gpioa":0,"gpiob":0,"gpioc":32768,"gpiod":16496,"gpioe":5376,"modeltime":0,"type":"gpio"}
,[1.3.2020 | 14:6:57] {"client-id":"e444eaaa-848f-42a7-9d24-9a107c27f7b0","gpioa":0,"gpiob":0,"gpioc":32768,"gpiod":16496,"gpioe":5376,"modeltime":0,"type":"gpio"}
,[1.3.2020 | 14:6:57] {"client-id":"e444eaaa-848f-42a7-9d24-9a107c27f7b0","gpioa":0,"gpiob":0,"gpioc":32768,"gpiod":16496,"gpioe":5376,"modeltime":0,"type":"gpio"}
,[1.3.2020 | 14:6:57] {"client-id":"e444eaaa-848f-42a7-9d24-9a107c27f7b0","gpioa":0,"gpiob":0,"gpioc":32768,"gpiod":16496,"gpioe":5376,"modeltime":0,"type":"gpio"}
,[1.3.2020 | 14:6:57] {"client-id":"e444eaaa-848f-42a7-9d24-9a107c27f7b0","gpioa":0,"gpiob":0,"gpioc":32768,"gpiod":16496,"gpioe":5376,"modeltime":0,"type":"gpio"}
,[1.3.2020 | 14:6:57] {"client-id":"e444eaaa-848f-42a7-9d24-9a107c27f7b0","gpioa":0,"gpiob":0,"gpioc":32768,"gpiod":16496,"gpioe":5376,"modeltime":0,"type":"gpio"}
,[1.3.2020 | 14:6:57] {"client-id":"e444eaaa-848f-42a7-9d24-9a107c27f7b0","gpioa":0,"gpiob":0,"gpioc":32768,"gpiod":16496,"gpioe":5376,"modeltime":0,"type":"gpio"}
,[1.3.2020 | 14:6:57] {"client-id":"e444eaaa-848f-42a7-9d24-9a107c27f7b0","gpioa":0,"gpiob":0,"gpioc":32768,"gpiod":16496,"gpioe":5376,"modeltime":0,"type":"gpio"}
,[1.3.2020 | 14:6:57] {"client-id":"e444eaaa-848f-42a7-9d24-9a107c27f7b0","gpioa":0,"gpiob":0,"gpioc":32768,"gpiod":16496,"gpioe":5376,"modeltime":0,"type":"gpio"}
,[1.3.2020 | 14:6:57] {"client-id":"e444eaaa-848f-42a7-9d24-9a107c27f7b0","gpioa":0,"gpiob":0,"gpioc":32768,"gpiod":16496,"gpioe":5376,"modeltime":0,"type":"gpio"}
,[1.3.2020 | 14:6:58] {"type":"cmd","data":"stop"}
